[1/126] BraTS2021_00019: Dice WT=0.000000
[2/126] BraTS2021_00032: Dice WT=0.000000
[3/126] BraTS2021_00077: Dice WT=0.000000
[4/126] BraTS2021_00084: Dice WT=0.002126
[5/126] BraTS2021_00095: Dice WT=0.000015
[6/126] BraTS2021_00099: Dice WT=0.014172
[7/126] BraTS2021_00124: Dice WT=0.000292
[8/126] BraTS2021_00131: Dice WT=0.000089
[9/126] BraTS2021_00134: Dice WT=0.000000
[10/126] BraTS2021_00156: Dice WT=0.000095
[11/126] BraTS2021_00184: Dice WT=0.000340
[12/126] BraTS2021_00191: Dice WT=0.000000
[13/126] BraTS2021_00201: Dice WT=0.002188
[14/126] BraTS2021_00207: Dice WT=0.000358
[15/126] BraTS2021_00230: Dice WT=0.000022
[16/126] BraTS2021_00233: Dice WT=0.000000
[17/126] BraTS2021_00251: Dice WT=0.000629
[18/126] BraTS2021_00263: Dice WT=0.000000
[19/126] BraTS2021_00269: Dice WT=0.000000
[20/126] BraTS2021_00271: Dice WT=0.000000
[21/126] BraTS2021_00283: Dice WT=0.014796
[22/126] BraTS2021_00292: Dice WT=0.000290
[23/126] BraTS2021_00296: Dice WT=0.005620
[24/126] BraTS2021_00314: Dice WT=0.000000
[25/126] BraTS2021_00320: Dice WT=0.002687
[26/126] BraTS2021_00328: Dice WT=0.000000
[27/126] BraTS2021_00359: Dice WT=0.000047
[28/126] BraTS2021_00401: Dice WT=0.000000
[29/126] BraTS2021_00403: Dice WT=0.000000
[30/126] BraTS2021_00412: Dice WT=0.000000
[31/126] BraTS2021_00444: Dice WT=0.012407
[32/126] BraTS2021_00451: Dice WT=0.000022
[33/126] BraTS2021_00464: Dice WT=0.000000
[34/126] BraTS2021_00466: Dice WT=0.000092
[35/126] BraTS2021_00478: Dice WT=0.017081
[36/126] BraTS2021_00479: Dice WT=0.000000
[37/126] BraTS2021_00504: Dice WT=0.000000
[38/126] BraTS2021_00561: Dice WT=0.002619
[39/126] BraTS2021_00579: Dice WT=0.000323
[40/126] BraTS2021_00606: Dice WT=0.000706
[41/126] BraTS2021_00610: Dice WT=0.001283
[42/126] BraTS2021_00613: Dice WT=0.004563
[43/126] BraTS2021_00620: Dice WT=0.000051
[44/126] BraTS2021_00628: Dice WT=0.000792
[45/126] BraTS2021_00631: Dice WT=0.001305
[46/126] BraTS2021_00638: Dice WT=0.001086
[47/126] BraTS2021_00646: Dice WT=0.000299
[48/126] BraTS2021_00658: Dice WT=0.003974
[49/126] BraTS2021_00663: Dice WT=0.000107
[50/126] BraTS2021_00679: Dice WT=0.000207
[51/126] BraTS2021_00715: Dice WT=0.000000
[52/126] BraTS2021_00724: Dice WT=0.005107
[53/126] BraTS2021_00734: Dice WT=0.001079
[54/126] BraTS2021_00774: Dice WT=0.000013
[55/126] BraTS2021_00778: Dice WT=0.000000
[56/126] BraTS2021_00780: Dice WT=0.000086
[57/126] BraTS2021_00787: Dice WT=0.000500
[58/126] BraTS2021_00789: Dice WT=0.000000
[59/126] BraTS2021_00795: Dice WT=0.000805
[60/126] BraTS2021_00807: Dice WT=0.001274
[61/126] BraTS2021_00816: Dice WT=0.000081
[62/126] BraTS2021_01008: Dice WT=0.000069
[63/126] BraTS2021_01016: Dice WT=0.002061
[64/126] BraTS2021_01060: Dice WT=0.000381
[65/126] BraTS2021_01062: Dice WT=0.000000
[66/126] BraTS2021_01080: Dice WT=0.000021
[67/126] BraTS2021_01105: Dice WT=0.000152
[68/126] BraTS2021_01112: Dice WT=0.002196
[69/126] BraTS2021_01120: Dice WT=0.000033
[70/126] BraTS2021_01143: Dice WT=0.000000
[71/126] BraTS2021_01151: Dice WT=0.000190
[72/126] BraTS2021_01156: Dice WT=0.000000
[73/126] BraTS2021_01157: Dice WT=0.000000
[74/126] BraTS2021_01163: Dice WT=0.000000
[75/126] BraTS2021_01174: Dice WT=0.001125
[76/126] BraTS2021_01191: Dice WT=0.003633
[77/126] BraTS2021_01193: Dice WT=0.001320
[78/126] BraTS2021_01194: Dice WT=0.010322
[79/126] BraTS2021_01197: Dice WT=0.008225
[80/126] BraTS2021_01204: Dice WT=0.000000
[81/126] BraTS2021_01226: Dice WT=0.000000
[82/126] BraTS2021_01233: Dice WT=0.000058
[83/126] BraTS2021_01237: Dice WT=0.000558
[84/126] BraTS2021_01275: Dice WT=0.000433
[85/126] BraTS2021_01280: Dice WT=0.000011
[86/126] BraTS2021_01281: Dice WT=0.000000
[87/126] BraTS2021_01293: Dice WT=0.031346
[88/126] BraTS2021_01335: Dice WT=0.000154
[89/126] BraTS2021_01344: Dice WT=0.000000
[90/126] BraTS2021_01355: Dice WT=0.002515
[91/126] BraTS2021_01356: Dice WT=0.002645
[92/126] BraTS2021_01362: Dice WT=0.000263
[93/126] BraTS2021_01374: Dice WT=0.000702
[94/126] BraTS2021_01426: Dice WT=0.001462
[95/126] BraTS2021_01438: Dice WT=0.001131
[96/126] BraTS2021_01450: Dice WT=0.000000
[97/126] BraTS2021_01459: Dice WT=0.000048
[98/126] BraTS2021_01499: Dice WT=0.000211
[99/126] BraTS2021_01509: Dice WT=0.000990
[100/126] BraTS2021_01514: Dice WT=0.003732
[101/126] BraTS2021_01515: Dice WT=0.000000
[102/126] BraTS2021_01519: Dice WT=0.010402
[103/126] BraTS2021_01532: Dice WT=0.003084
[104/126] BraTS2021_01546: Dice WT=0.001078
[105/126] BraTS2021_01556: Dice WT=0.000059
[106/126] BraTS2021_01565: Dice WT=0.000226
[107/126] BraTS2021_01577: Dice WT=0.000040
[108/126] BraTS2021_01588: Dice WT=0.001263
[109/126] BraTS2021_01598: Dice WT=0.001809
[110/126] BraTS2021_01615: Dice WT=0.000000
[111/126] BraTS2021_01622: Dice WT=0.000000
[112/126] BraTS2021_01625: Dice WT=0.000000
[113/126] BraTS2021_01629: Dice WT=0.000000
[114/126] BraTS2021_01635: Dice WT=0.004111
[115/126] BraTS2021_01636: Dice WT=0.003406
[116/126] BraTS2021_01640: Dice WT=0.000000
[117/126] BraTS2021_01647: Dice WT=0.002369
[118/126] BraTS2021_01648: Dice WT=0.000000
[119/126] BraTS2021_01651: Dice WT=0.000000
[120/126] BraTS2021_01655: Dice WT=0.000000
[121/126] BraTS2021_01656: Dice WT=0.019965
[122/126] BraTS2021_01659: Dice WT=0.000000
[123/126] BraTS2021_01660: Dice WT=0.001593
[124/126] BraTS2021_01661: Dice WT=0.000000
[125/126] BraTS2021_01663: Dice WT=0.000318
[126/126] BraTS2021_01666: Dice WT=0.000187
Saved D:\Zaryab\3D Segmention-Brain Tumor\SuperLightNet - Modified\results\leakage_safe\test_t1_patient_split.csv and D:\Zaryab\3D Segmention-Brain Tumor\SuperLightNet - Modified\results\leakage_safe\test_t1_patient_split.json
[1/126] BraTS2021_00019: Dice WT=0.103284
[2/126] BraTS2021_00032: Dice WT=0.096765
[3/126] BraTS2021_00077: Dice WT=0.386006
[4/126] BraTS2021_00084: Dice WT=0.250438
[5/126] BraTS2021_00095: Dice WT=0.440533
[6/126] BraTS2021_00099: Dice WT=0.094453
[7/126] BraTS2021_00124: Dice WT=0.473175
[8/126] BraTS2021_00131: Dice WT=0.175852
[9/126] BraTS2021_00134: Dice WT=0.115672
[10/126] BraTS2021_00156: Dice WT=0.444068
[11/126] BraTS2021_00184: Dice WT=0.122484
[12/126] BraTS2021_00191: Dice WT=0.425758
[13/126] BraTS2021_00201: Dice WT=0.390727
[14/126] BraTS2021_00207: Dice WT=0.283443
[15/126] BraTS2021_00230: Dice WT=0.287687
[16/126] BraTS2021_00233: Dice WT=0.226393
[17/126] BraTS2021_00251: Dice WT=0.012458
[18/126] BraTS2021_00263: Dice WT=0.168218
[19/126] BraTS2021_00269: Dice WT=0.176063
[20/126] BraTS2021_00271: Dice WT=0.224541
[21/126] BraTS2021_00283: Dice WT=0.152093
[22/126] BraTS2021_00292: Dice WT=0.043758
[23/126] BraTS2021_00296: Dice WT=0.085962
[24/126] BraTS2021_00314: Dice WT=0.186243
[25/126] BraTS2021_00320: Dice WT=0.031108
[26/126] BraTS2021_00328: Dice WT=0.247681
[27/126] BraTS2021_00359: Dice WT=0.132943
[28/126] BraTS2021_00401: Dice WT=0.372579
[29/126] BraTS2021_00403: Dice WT=0.087404
[30/126] BraTS2021_00412: Dice WT=0.052610
[31/126] BraTS2021_00444: Dice WT=0.102770
[32/126] BraTS2021_00451: Dice WT=0.376570
[33/126] BraTS2021_00464: Dice WT=0.025778
[34/126] BraTS2021_00466: Dice WT=0.268268
[35/126] BraTS2021_00478: Dice WT=0.185867
[36/126] BraTS2021_00479: Dice WT=0.235822
[37/126] BraTS2021_00504: Dice WT=0.154413
[38/126] BraTS2021_00561: Dice WT=0.318891
[39/126] BraTS2021_00579: Dice WT=0.322062
[40/126] BraTS2021_00606: Dice WT=0.532217
[41/126] BraTS2021_00610: Dice WT=0.070942
[42/126] BraTS2021_00613: Dice WT=0.112139
[43/126] BraTS2021_00620: Dice WT=0.121320
[44/126] BraTS2021_00628: Dice WT=0.040430
[45/126] BraTS2021_00631: Dice WT=0.316025
[46/126] BraTS2021_00638: Dice WT=0.161294
[47/126] BraTS2021_00646: Dice WT=0.365392
[48/126] BraTS2021_00658: Dice WT=0.266758
[49/126] BraTS2021_00663: Dice WT=0.272644
[50/126] BraTS2021_00679: Dice WT=0.072813
[51/126] BraTS2021_00715: Dice WT=0.293556
[52/126] BraTS2021_00724: Dice WT=0.278587
[53/126] BraTS2021_00734: Dice WT=0.240672
[54/126] BraTS2021_00774: Dice WT=0.217109
[55/126] BraTS2021_00778: Dice WT=0.124849
[56/126] BraTS2021_00780: Dice WT=0.293840
[57/126] BraTS2021_00787: Dice WT=0.451276
[58/126] BraTS2021_00789: Dice WT=0.409979
[59/126] BraTS2021_00795: Dice WT=0.102750
[60/126] BraTS2021_00807: Dice WT=0.256185
[61/126] BraTS2021_00816: Dice WT=0.470913
[62/126] BraTS2021_01008: Dice WT=0.124425
[63/126] BraTS2021_01016: Dice WT=0.269298
[64/126] BraTS2021_01060: Dice WT=0.519991
[65/126] BraTS2021_01062: Dice WT=0.354248
[66/126] BraTS2021_01080: Dice WT=0.168110
[67/126] BraTS2021_01105: Dice WT=0.202009
[68/126] BraTS2021_01112: Dice WT=0.195556
[69/126] BraTS2021_01120: Dice WT=0.397368
[70/126] BraTS2021_01143: Dice WT=0.236136
[71/126] BraTS2021_01151: Dice WT=0.185083
[72/126] BraTS2021_01156: Dice WT=0.303009
[73/126] BraTS2021_01157: Dice WT=0.212943
[74/126] BraTS2021_01163: Dice WT=0.205260
[75/126] BraTS2021_01174: Dice WT=0.396124
[76/126] BraTS2021_01191: Dice WT=0.330066
[77/126] BraTS2021_01193: Dice WT=0.234739
[78/126] BraTS2021_01194: Dice WT=0.242453
[79/126] BraTS2021_01197: Dice WT=0.396358
[80/126] BraTS2021_01204: Dice WT=0.026965
[81/126] BraTS2021_01226: Dice WT=0.187749
[82/126] BraTS2021_01233: Dice WT=0.124205
[83/126] BraTS2021_01237: Dice WT=0.151246
[84/126] BraTS2021_01275: Dice WT=0.106414
[85/126] BraTS2021_01280: Dice WT=0.511408
[86/126] BraTS2021_01281: Dice WT=0.342601
[87/126] BraTS2021_01293: Dice WT=0.333990
[88/126] BraTS2021_01335: Dice WT=0.238448
[89/126] BraTS2021_01344: Dice WT=0.037256
[90/126] BraTS2021_01355: Dice WT=0.323687
[91/126] BraTS2021_01356: Dice WT=0.294574
[92/126] BraTS2021_01362: Dice WT=0.421805
[93/126] BraTS2021_01374: Dice WT=0.478883
[94/126] BraTS2021_01426: Dice WT=0.111668
[95/126] BraTS2021_01438: Dice WT=0.094421
[96/126] BraTS2021_01450: Dice WT=0.142372
[97/126] BraTS2021_01459: Dice WT=0.056811
[98/126] BraTS2021_01499: Dice WT=0.118009
[99/126] BraTS2021_01509: Dice WT=0.071658
[100/126] BraTS2021_01514: Dice WT=0.132320
[101/126] BraTS2021_01515: Dice WT=0.373223
[102/126] BraTS2021_01519: Dice WT=0.019779
[103/126] BraTS2021_01532: Dice WT=0.232354
[104/126] BraTS2021_01546: Dice WT=0.405408
[105/126] BraTS2021_01556: Dice WT=0.033396
[106/126] BraTS2021_01565: Dice WT=0.247311
[107/126] BraTS2021_01577: Dice WT=0.137775
[108/126] BraTS2021_01588: Dice WT=0.076631
[109/126] BraTS2021_01598: Dice WT=0.401653
[110/126] BraTS2021_01615: Dice WT=0.019158
[111/126] BraTS2021_01622: Dice WT=0.020766
[112/126] BraTS2021_01625: Dice WT=0.352775
[113/126] BraTS2021_01629: Dice WT=0.043447
[114/126] BraTS2021_01635: Dice WT=0.195486
[115/126] BraTS2021_01636: Dice WT=0.053565
[116/126] BraTS2021_01640: Dice WT=0.036581
[117/126] BraTS2021_01647: Dice WT=0.093785
[118/126] BraTS2021_01648: Dice WT=0.355502
[119/126] BraTS2021_01651: Dice WT=0.132080
[120/126] BraTS2021_01655: Dice WT=0.519881
[121/126] BraTS2021_01656: Dice WT=0.090192
[122/126] BraTS2021_01659: Dice WT=0.553723
[123/126] BraTS2021_01660: Dice WT=0.259037
[124/126] BraTS2021_01661: Dice WT=0.443251
[125/126] BraTS2021_01663: Dice WT=0.084749
[126/126] BraTS2021_01666: Dice WT=0.211141
Saved D:\Zaryab\3D Segmention-Brain Tumor\SuperLightNet - Modified\results\leakage_safe\test_t1ce_patient_split.csv and D:\Zaryab\3D Segmention-Brain Tumor\SuperLightNet - Modified\results\leakage_safe\test_t1ce_patient_split.json
[1/126] BraTS2021_00019: Dice WT=0.008619
[2/126] BraTS2021_00032: Dice WT=0.013368
[3/126] BraTS2021_00077: Dice WT=0.022754
[4/126] BraTS2021_00084: Dice WT=0.002821
[5/126] BraTS2021_00095: Dice WT=0.069266
[6/126] BraTS2021_00099: Dice WT=0.032010
[7/126] BraTS2021_00124: Dice WT=0.079537
[8/126] BraTS2021_00131: Dice WT=0.160770
[9/126] BraTS2021_00134: Dice WT=0.031988
[10/126] BraTS2021_00156: Dice WT=0.101438
[11/126] BraTS2021_00184: Dice WT=0.053406
[12/126] BraTS2021_00191: Dice WT=0.181207
[13/126] BraTS2021_00201: Dice WT=0.199185
[14/126] BraTS2021_00207: Dice WT=0.053002
[15/126] BraTS2021_00230: Dice WT=0.141757
[16/126] BraTS2021_00233: Dice WT=0.286569
[17/126] BraTS2021_00251: Dice WT=0.069006
[18/126] BraTS2021_00263: Dice WT=0.130674
[19/126] BraTS2021_00269: Dice WT=0.018133
[20/126] BraTS2021_00271: Dice WT=0.037081
[21/126] BraTS2021_00283: Dice WT=0.169915
[22/126] BraTS2021_00292: Dice WT=0.000000
[23/126] BraTS2021_00296: Dice WT=0.020304
[24/126] BraTS2021_00314: Dice WT=0.001943
[25/126] BraTS2021_00320: Dice WT=0.032076
[26/126] BraTS2021_00328: Dice WT=0.087529
[27/126] BraTS2021_00359: Dice WT=0.054222
[28/126] BraTS2021_00401: Dice WT=0.064274
[29/126] BraTS2021_00403: Dice WT=0.119277
[30/126] BraTS2021_00412: Dice WT=0.066730
[31/126] BraTS2021_00444: Dice WT=0.040866
[32/126] BraTS2021_00451: Dice WT=0.312585
[33/126] BraTS2021_00464: Dice WT=0.000048
[34/126] BraTS2021_00466: Dice WT=0.010973
[35/126] BraTS2021_00478: Dice WT=0.077513
[36/126] BraTS2021_00479: Dice WT=0.011378
[37/126] BraTS2021_00504: Dice WT=0.047005
[38/126] BraTS2021_00561: Dice WT=0.001372
[39/126] BraTS2021_00579: Dice WT=0.093059
[40/126] BraTS2021_00606: Dice WT=0.078455
[41/126] BraTS2021_00610: Dice WT=0.060471
[42/126] BraTS2021_00613: Dice WT=0.001507
[43/126] BraTS2021_00620: Dice WT=0.009378
[44/126] BraTS2021_00628: Dice WT=0.003865
[45/126] BraTS2021_00631: Dice WT=0.149807
[46/126] BraTS2021_00638: Dice WT=0.003516
[47/126] BraTS2021_00646: Dice WT=0.008766
[48/126] BraTS2021_00658: Dice WT=0.060441
[49/126] BraTS2021_00663: Dice WT=0.035089
[50/126] BraTS2021_00679: Dice WT=0.008033
[51/126] BraTS2021_00715: Dice WT=0.004500
[52/126] BraTS2021_00724: Dice WT=0.119696
[53/126] BraTS2021_00734: Dice WT=0.072043
[54/126] BraTS2021_00774: Dice WT=0.042788
[55/126] BraTS2021_00778: Dice WT=0.002038
[56/126] BraTS2021_00780: Dice WT=0.245247
[57/126] BraTS2021_00787: Dice WT=0.152072
[58/126] BraTS2021_00789: Dice WT=0.125339
[59/126] BraTS2021_00795: Dice WT=0.021326
[60/126] BraTS2021_00807: Dice WT=0.103124
[61/126] BraTS2021_00816: Dice WT=0.199519
[62/126] BraTS2021_01008: Dice WT=0.011735
[63/126] BraTS2021_01016: Dice WT=0.021927
[64/126] BraTS2021_01060: Dice WT=0.262167
[65/126] BraTS2021_01062: Dice WT=0.134137
[66/126] BraTS2021_01080: Dice WT=0.033882
[67/126] BraTS2021_01105: Dice WT=0.050657
[68/126] BraTS2021_01112: Dice WT=0.347892
[69/126] BraTS2021_01120: Dice WT=0.042418
[70/126] BraTS2021_01143: Dice WT=0.319390
[71/126] BraTS2021_01151: Dice WT=0.000000
[72/126] BraTS2021_01156: Dice WT=0.120990
[73/126] BraTS2021_01157: Dice WT=0.046687
[74/126] BraTS2021_01163: Dice WT=0.121460
[75/126] BraTS2021_01174: Dice WT=0.019522
[76/126] BraTS2021_01191: Dice WT=0.047355
[77/126] BraTS2021_01193: Dice WT=0.001170
[78/126] BraTS2021_01194: Dice WT=0.021759
[79/126] BraTS2021_01197: Dice WT=0.003969
[80/126] BraTS2021_01204: Dice WT=0.017117
[81/126] BraTS2021_01226: Dice WT=0.198554
[82/126] BraTS2021_01233: Dice WT=0.056630
[83/126] BraTS2021_01237: Dice WT=0.029013
[84/126] BraTS2021_01275: Dice WT=0.144907
[85/126] BraTS2021_01280: Dice WT=0.058824
[86/126] BraTS2021_01281: Dice WT=0.178960
[87/126] BraTS2021_01293: Dice WT=0.150290
[88/126] BraTS2021_01335: Dice WT=0.180699
[89/126] BraTS2021_01344: Dice WT=0.000000
[90/126] BraTS2021_01355: Dice WT=0.044446
[91/126] BraTS2021_01356: Dice WT=0.100023
[92/126] BraTS2021_01362: Dice WT=0.106961
[93/126] BraTS2021_01374: Dice WT=0.153818
[94/126] BraTS2021_01426: Dice WT=0.032690
[95/126] BraTS2021_01438: Dice WT=0.013967
[96/126] BraTS2021_01450: Dice WT=0.043303
[97/126] BraTS2021_01459: Dice WT=0.013180
[98/126] BraTS2021_01499: Dice WT=0.048965
[99/126] BraTS2021_01509: Dice WT=0.000499
[100/126] BraTS2021_01514: Dice WT=0.023057
[101/126] BraTS2021_01515: Dice WT=0.024262
[102/126] BraTS2021_01519: Dice WT=0.025509
[103/126] BraTS2021_01532: Dice WT=0.018793
[104/126] BraTS2021_01546: Dice WT=0.091042
[105/126] BraTS2021_01556: Dice WT=0.054896
[106/126] BraTS2021_01565: Dice WT=0.135291
[107/126] BraTS2021_01577: Dice WT=0.003533
[108/126] BraTS2021_01588: Dice WT=0.041830
[109/126] BraTS2021_01598: Dice WT=0.015166
[110/126] BraTS2021_01615: Dice WT=0.000000
[111/126] BraTS2021_01622: Dice WT=0.006742
[112/126] BraTS2021_01625: Dice WT=0.149373
[113/126] BraTS2021_01629: Dice WT=0.034813
[114/126] BraTS2021_01635: Dice WT=0.116114
[115/126] BraTS2021_01636: Dice WT=0.118784
[116/126] BraTS2021_01640: Dice WT=0.000000
[117/126] BraTS2021_01647: Dice WT=0.018141
[118/126] BraTS2021_01648: Dice WT=0.044926
[119/126] BraTS2021_01651: Dice WT=0.000000
[120/126] BraTS2021_01655: Dice WT=0.092640
[121/126] BraTS2021_01656: Dice WT=0.007083
[122/126] BraTS2021_01659: Dice WT=0.068540
[123/126] BraTS2021_01660: Dice WT=0.021714
[124/126] BraTS2021_01661: Dice WT=0.027584
[125/126] BraTS2021_01663: Dice WT=0.033418
[126/126] BraTS2021_01666: Dice WT=0.029312
Saved D:\Zaryab\3D Segmention-Brain Tumor\SuperLightNet - Modified\results\leakage_safe\test_t2_patient_split.csv and D:\Zaryab\3D Segmention-Brain Tumor\SuperLightNet - Modified\results\leakage_safe\test_t2_patient_split.json
[1/126] BraTS2021_00019: Dice WT=0.690793
[2/126] BraTS2021_00032: Dice WT=0.574596
[3/126] BraTS2021_00077: Dice WT=0.788759
[4/126] BraTS2021_00084: Dice WT=0.684270
[5/126] BraTS2021_00095: Dice WT=0.850745
[6/126] BraTS2021_00099: Dice WT=0.629533
[7/126] BraTS2021_00124: Dice WT=0.812794
[8/126] BraTS2021_00131: Dice WT=0.813896
[9/126] BraTS2021_00134: Dice WT=0.642228
[10/126] BraTS2021_00156: Dice WT=0.955714
[11/126] BraTS2021_00184: Dice WT=0.877124
[12/126] BraTS2021_00191: Dice WT=0.916125
[13/126] BraTS2021_00201: Dice WT=0.889896
[14/126] BraTS2021_00207: Dice WT=0.791409
[15/126] BraTS2021_00230: Dice WT=0.840286
[16/126] BraTS2021_00233: Dice WT=0.922486
[17/126] BraTS2021_00251: Dice WT=0.301912
[18/126] BraTS2021_00263: Dice WT=0.920243
[19/126] BraTS2021_00269: Dice WT=0.634726
[20/126] BraTS2021_00271: Dice WT=0.893319
[21/126] BraTS2021_00283: Dice WT=0.762487
[22/126] BraTS2021_00292: Dice WT=0.597604
[23/126] BraTS2021_00296: Dice WT=0.693807
[24/126] BraTS2021_00314: Dice WT=0.401806
[25/126] BraTS2021_00320: Dice WT=0.672808
[26/126] BraTS2021_00328: Dice WT=0.846404
[27/126] BraTS2021_00359: Dice WT=0.849381
[28/126] BraTS2021_00401: Dice WT=0.896397
[29/126] BraTS2021_00403: Dice WT=0.496221
[30/126] BraTS2021_00412: Dice WT=0.789623
[31/126] BraTS2021_00444: Dice WT=0.381909
[32/126] BraTS2021_00451: Dice WT=0.929309
[33/126] BraTS2021_00464: Dice WT=0.076996
[34/126] BraTS2021_00466: Dice WT=0.743819
[35/126] BraTS2021_00478: Dice WT=0.328304
[36/126] BraTS2021_00479: Dice WT=0.291716
[37/126] BraTS2021_00504: Dice WT=0.716141
[38/126] BraTS2021_00561: Dice WT=0.896079
[39/126] BraTS2021_00579: Dice WT=0.661911
[40/126] BraTS2021_00606: Dice WT=0.446220
[41/126] BraTS2021_00610: Dice WT=0.277126
[42/126] BraTS2021_00613: Dice WT=0.316906
[43/126] BraTS2021_00620: Dice WT=0.729928
[44/126] BraTS2021_00628: Dice WT=0.344124
[45/126] BraTS2021_00631: Dice WT=0.335172
[46/126] BraTS2021_00638: Dice WT=0.484270
[47/126] BraTS2021_00646: Dice WT=0.380704
[48/126] BraTS2021_00658: Dice WT=0.225396
[49/126] BraTS2021_00663: Dice WT=0.631729
[50/126] BraTS2021_00679: Dice WT=0.673763
[51/126] BraTS2021_00715: Dice WT=0.263216
[52/126] BraTS2021_00724: Dice WT=0.765377
[53/126] BraTS2021_00734: Dice WT=0.507226
[54/126] BraTS2021_00774: Dice WT=0.886655
[55/126] BraTS2021_00778: Dice WT=0.304514
[56/126] BraTS2021_00780: Dice WT=0.926075
[57/126] BraTS2021_00787: Dice WT=0.895170
[58/126] BraTS2021_00789: Dice WT=0.926450
[59/126] BraTS2021_00795: Dice WT=0.432883
[60/126] BraTS2021_00807: Dice WT=0.663248
[61/126] BraTS2021_00816: Dice WT=0.946094
[62/126] BraTS2021_01008: Dice WT=0.776988
[63/126] BraTS2021_01016: Dice WT=0.825869
[64/126] BraTS2021_01060: Dice WT=0.908000
[65/126] BraTS2021_01062: Dice WT=0.919829
[66/126] BraTS2021_01080: Dice WT=0.802903
[67/126] BraTS2021_01105: Dice WT=0.909647
[68/126] BraTS2021_01112: Dice WT=0.958874
[69/126] BraTS2021_01120: Dice WT=0.850290
[70/126] BraTS2021_01143: Dice WT=0.826266
[71/126] BraTS2021_01151: Dice WT=0.645827
[72/126] BraTS2021_01156: Dice WT=0.582083
[73/126] BraTS2021_01157: Dice WT=0.615807
[74/126] BraTS2021_01163: Dice WT=0.760572
[75/126] BraTS2021_01174: Dice WT=0.441546
[76/126] BraTS2021_01191: Dice WT=0.647551
[77/126] BraTS2021_01193: Dice WT=0.252646
[78/126] BraTS2021_01194: Dice WT=0.904599
[79/126] BraTS2021_01197: Dice WT=0.897932
[80/126] BraTS2021_01204: Dice WT=0.304648
[81/126] BraTS2021_01226: Dice WT=0.836404
[82/126] BraTS2021_01233: Dice WT=0.841572
[83/126] BraTS2021_01237: Dice WT=0.690969
[84/126] BraTS2021_01275: Dice WT=0.787726
[85/126] BraTS2021_01280: Dice WT=0.935915
[86/126] BraTS2021_01281: Dice WT=0.933497
[87/126] BraTS2021_01293: Dice WT=0.276204
[88/126] BraTS2021_01335: Dice WT=0.932506
[89/126] BraTS2021_01344: Dice WT=0.334678
[90/126] BraTS2021_01355: Dice WT=0.934363
[91/126] BraTS2021_01356: Dice WT=0.361506
[92/126] BraTS2021_01362: Dice WT=0.911461
[93/126] BraTS2021_01374: Dice WT=0.936922
[94/126] BraTS2021_01426: Dice WT=0.432933
[95/126] BraTS2021_01438: Dice WT=0.368534
[96/126] BraTS2021_01450: Dice WT=0.670544
[97/126] BraTS2021_01459: Dice WT=0.283945
[98/126] BraTS2021_01499: Dice WT=0.587136
[99/126] BraTS2021_01509: Dice WT=0.296645
[100/126] BraTS2021_01514: Dice WT=0.680217
[101/126] BraTS2021_01515: Dice WT=0.736844
[102/126] BraTS2021_01519: Dice WT=0.225719
[103/126] BraTS2021_01532: Dice WT=0.786123
[104/126] BraTS2021_01546: Dice WT=0.794335
[105/126] BraTS2021_01556: Dice WT=0.443054
[106/126] BraTS2021_01565: Dice WT=0.767626
[107/126] BraTS2021_01577: Dice WT=0.621302
[108/126] BraTS2021_01588: Dice WT=0.537601
[109/126] BraTS2021_01598: Dice WT=0.584701
[110/126] BraTS2021_01615: Dice WT=0.057134
[111/126] BraTS2021_01622: Dice WT=0.302510
[112/126] BraTS2021_01625: Dice WT=0.934579
[113/126] BraTS2021_01629: Dice WT=0.494479
[114/126] BraTS2021_01635: Dice WT=0.781593
[115/126] BraTS2021_01636: Dice WT=0.397869
[116/126] BraTS2021_01640: Dice WT=0.110234
[117/126] BraTS2021_01647: Dice WT=0.245013
[118/126] BraTS2021_01648: Dice WT=0.897467
[119/126] BraTS2021_01651: Dice WT=0.300498
[120/126] BraTS2021_01655: Dice WT=0.815849
[121/126] BraTS2021_01656: Dice WT=0.421007
[122/126] BraTS2021_01659: Dice WT=0.634352
[123/126] BraTS2021_01660: Dice WT=0.378799
[124/126] BraTS2021_01661: Dice WT=0.616646
[125/126] BraTS2021_01663: Dice WT=0.480254
[126/126] BraTS2021_01666: Dice WT=0.762653
Saved D:\Zaryab\3D Segmention-Brain Tumor\SuperLightNet - Modified\results\leakage_safe\test_flair_patient_split.csv and D:\Zaryab\3D Segmention-Brain Tumor\SuperLightNet - Modified\results\leakage_safe\test_flair_patient_split.json
[1/126] BraTS2021_00019: Dice WT=0.639333
[2/126] BraTS2021_00032: Dice WT=0.685725
[3/126] BraTS2021_00077: Dice WT=0.707180
[4/126] BraTS2021_00084: Dice WT=0.537932
[5/126] BraTS2021_00095: Dice WT=0.785945
[6/126] BraTS2021_00099: Dice WT=0.389566
[7/126] BraTS2021_00124: Dice WT=0.739390
[8/126] BraTS2021_00131: Dice WT=0.725002
[9/126] BraTS2021_00134: Dice WT=0.377496
[10/126] BraTS2021_00156: Dice WT=0.867216
[11/126] BraTS2021_00184: Dice WT=0.741660
[12/126] BraTS2021_00191: Dice WT=0.792822
[13/126] BraTS2021_00201: Dice WT=0.849739
[14/126] BraTS2021_00207: Dice WT=0.618135
[15/126] BraTS2021_00230: Dice WT=0.663403
[16/126] BraTS2021_00233: Dice WT=0.737317
[17/126] BraTS2021_00251: Dice WT=0.121419
[18/126] BraTS2021_00263: Dice WT=0.733803
[19/126] BraTS2021_00269: Dice WT=0.620419
[20/126] BraTS2021_00271: Dice WT=0.819996
[21/126] BraTS2021_00283: Dice WT=0.569529
[22/126] BraTS2021_00292: Dice WT=0.008087
[23/126] BraTS2021_00296: Dice WT=0.734808
[24/126] BraTS2021_00314: Dice WT=0.560697
[25/126] BraTS2021_00320: Dice WT=0.127250
[26/126] BraTS2021_00328: Dice WT=0.640251
[27/126] BraTS2021_00359: Dice WT=0.739982
[28/126] BraTS2021_00401: Dice WT=0.720016
[29/126] BraTS2021_00403: Dice WT=0.664756
[30/126] BraTS2021_00412: Dice WT=0.205433
[31/126] BraTS2021_00444: Dice WT=0.608721
[32/126] BraTS2021_00451: Dice WT=0.787541
[33/126] BraTS2021_00464: Dice WT=0.000000
[34/126] BraTS2021_00466: Dice WT=0.833824
[35/126] BraTS2021_00478: Dice WT=0.816185
[36/126] BraTS2021_00479: Dice WT=0.636316
[37/126] BraTS2021_00504: Dice WT=0.818069
[38/126] BraTS2021_00561: Dice WT=0.553772
[39/126] BraTS2021_00579: Dice WT=0.699394
[40/126] BraTS2021_00606: Dice WT=0.737990
[41/126] BraTS2021_00610: Dice WT=0.643496
[42/126] BraTS2021_00613: Dice WT=0.483524
[43/126] BraTS2021_00620: Dice WT=0.741845
[44/126] BraTS2021_00628: Dice WT=0.773472
[45/126] BraTS2021_00631: Dice WT=0.827727
[46/126] BraTS2021_00638: Dice WT=0.397929
[47/126] BraTS2021_00646: Dice WT=0.731139
[48/126] BraTS2021_00658: Dice WT=0.810624
[49/126] BraTS2021_00663: Dice WT=0.857385
[50/126] BraTS2021_00679: Dice WT=0.641183
[51/126] BraTS2021_00715: Dice WT=0.734802
[52/126] BraTS2021_00724: Dice WT=0.789960
[53/126] BraTS2021_00734: Dice WT=0.741588
[54/126] BraTS2021_00774: Dice WT=0.790756
[55/126] BraTS2021_00778: Dice WT=0.550545
[56/126] BraTS2021_00780: Dice WT=0.737586
[57/126] BraTS2021_00787: Dice WT=0.790344
[58/126] BraTS2021_00789: Dice WT=0.694184
[59/126] BraTS2021_00795: Dice WT=0.423458
[60/126] BraTS2021_00807: Dice WT=0.615706
[61/126] BraTS2021_00816: Dice WT=0.821775
[62/126] BraTS2021_01008: Dice WT=0.565751
[63/126] BraTS2021_01016: Dice WT=0.768273
[64/126] BraTS2021_01060: Dice WT=0.710613
[65/126] BraTS2021_01062: Dice WT=0.750241
[66/126] BraTS2021_01080: Dice WT=0.615609
[67/126] BraTS2021_01105: Dice WT=0.678161
[68/126] BraTS2021_01112: Dice WT=0.755321
[69/126] BraTS2021_01120: Dice WT=0.769033
[70/126] BraTS2021_01143: Dice WT=0.505739
[71/126] BraTS2021_01151: Dice WT=0.489035
[72/126] BraTS2021_01156: Dice WT=0.742606
[73/126] BraTS2021_01157: Dice WT=0.613250
[74/126] BraTS2021_01163: Dice WT=0.586801
[75/126] BraTS2021_01174: Dice WT=0.720114
[76/126] BraTS2021_01191: Dice WT=0.642482
[77/126] BraTS2021_01193: Dice WT=0.692800
[78/126] BraTS2021_01194: Dice WT=0.779302
[79/126] BraTS2021_01197: Dice WT=0.808252
[80/126] BraTS2021_01204: Dice WT=0.206722
[81/126] BraTS2021_01226: Dice WT=0.522604
[82/126] BraTS2021_01233: Dice WT=0.630124
[83/126] BraTS2021_01237: Dice WT=0.632627
[84/126] BraTS2021_01275: Dice WT=0.798985
[85/126] BraTS2021_01280: Dice WT=0.802729
[86/126] BraTS2021_01281: Dice WT=0.783552
[87/126] BraTS2021_01293: Dice WT=0.130391
[88/126] BraTS2021_01335: Dice WT=0.808090
[89/126] BraTS2021_01344: Dice WT=0.527974
[90/126] BraTS2021_01355: Dice WT=0.742125
[91/126] BraTS2021_01356: Dice WT=0.817338
[92/126] BraTS2021_01362: Dice WT=0.800641
[93/126] BraTS2021_01374: Dice WT=0.816029
[94/126] BraTS2021_01426: Dice WT=0.711894
[95/126] BraTS2021_01438: Dice WT=0.398430
[96/126] BraTS2021_01450: Dice WT=0.682577
[97/126] BraTS2021_01459: Dice WT=0.600231
[98/126] BraTS2021_01499: Dice WT=0.001360
[99/126] BraTS2021_01509: Dice WT=0.002550
[100/126] BraTS2021_01514: Dice WT=0.000000
[101/126] BraTS2021_01515: Dice WT=0.441471
[102/126] BraTS2021_01519: Dice WT=0.356396
[103/126] BraTS2021_01532: Dice WT=0.481707
[104/126] BraTS2021_01546: Dice WT=0.720046
[105/126] BraTS2021_01556: Dice WT=0.008580
[106/126] BraTS2021_01565: Dice WT=0.830572
[107/126] BraTS2021_01577: Dice WT=0.864575
[108/126] BraTS2021_01588: Dice WT=0.003699
[109/126] BraTS2021_01598: Dice WT=0.771348
[110/126] BraTS2021_01615: Dice WT=0.143229
[111/126] BraTS2021_01622: Dice WT=0.398185
[112/126] BraTS2021_01625: Dice WT=0.810602
[113/126] BraTS2021_01629: Dice WT=0.566064
[114/126] BraTS2021_01635: Dice WT=0.708414
[115/126] BraTS2021_01636: Dice WT=0.315274
[116/126] BraTS2021_01640: Dice WT=0.543322
[117/126] BraTS2021_01647: Dice WT=0.399054
[118/126] BraTS2021_01648: Dice WT=0.770293
[119/126] BraTS2021_01651: Dice WT=0.548718
[120/126] BraTS2021_01655: Dice WT=0.775006
[121/126] BraTS2021_01656: Dice WT=0.307538
[122/126] BraTS2021_01659: Dice WT=0.645180
[123/126] BraTS2021_01660: Dice WT=0.689856
[124/126] BraTS2021_01661: Dice WT=0.766970
[125/126] BraTS2021_01663: Dice WT=0.680730
[126/126] BraTS2021_01666: Dice WT=0.050307
Saved D:\Zaryab\3D Segmention-Brain Tumor\SuperLightNet - Modified\results\leakage_safe\test_t1_t1ce_patient_split.csv and D:\Zaryab\3D Segmention-Brain Tumor\SuperLightNet - Modified\results\leakage_safe\test_t1_t1ce_patient_split.json
[1/126] BraTS2021_00019: Dice WT=0.661997
[2/126] BraTS2021_00032: Dice WT=0.513490
[3/126] BraTS2021_00077: Dice WT=0.769584
[4/126] BraTS2021_00084: Dice WT=0.776603
[5/126] BraTS2021_00095: Dice WT=0.841562
[6/126] BraTS2021_00099: Dice WT=0.708384
[7/126] BraTS2021_00124: Dice WT=0.001022
[8/126] BraTS2021_00131: Dice WT=0.363909
[9/126] BraTS2021_00134: Dice WT=0.000000
[10/126] BraTS2021_00156: Dice WT=0.909560
[11/126] BraTS2021_00184: Dice WT=0.766529
[12/126] BraTS2021_00191: Dice WT=0.850815
[13/126] BraTS2021_00201: Dice WT=0.872429
[14/126] BraTS2021_00207: Dice WT=0.704780
[15/126] BraTS2021_00230: Dice WT=0.754422
[16/126] BraTS2021_00233: Dice WT=0.827633
[17/126] BraTS2021_00251: Dice WT=0.000000
[18/126] BraTS2021_00263: Dice WT=0.885257
[19/126] BraTS2021_00269: Dice WT=0.694315
[20/126] BraTS2021_00271: Dice WT=0.885966
[21/126] BraTS2021_00283: Dice WT=0.028845
[22/126] BraTS2021_00292: Dice WT=0.000000
[23/126] BraTS2021_00296: Dice WT=0.391876
[24/126] BraTS2021_00314: Dice WT=0.202339
[25/126] BraTS2021_00320: Dice WT=0.142837
[26/126] BraTS2021_00328: Dice WT=0.791432
[27/126] BraTS2021_00359: Dice WT=0.851358
[28/126] BraTS2021_00401: Dice WT=0.893233
[29/126] BraTS2021_00403: Dice WT=0.840772
[30/126] BraTS2021_00412: Dice WT=0.885276
[31/126] BraTS2021_00444: Dice WT=0.000000
[32/126] BraTS2021_00451: Dice WT=0.933477
[33/126] BraTS2021_00464: Dice WT=0.000000
[34/126] BraTS2021_00466: Dice WT=0.789765
[35/126] BraTS2021_00478: Dice WT=0.582098
[36/126] BraTS2021_00479: Dice WT=0.505998
[37/126] BraTS2021_00504: Dice WT=0.726738
[38/126] BraTS2021_00561: Dice WT=0.622123
[39/126] BraTS2021_00579: Dice WT=0.811489
[40/126] BraTS2021_00606: Dice WT=0.698190
[41/126] BraTS2021_00610: Dice WT=0.789885
[42/126] BraTS2021_00613: Dice WT=0.001805
[43/126] BraTS2021_00620: Dice WT=0.808393
[44/126] BraTS2021_00628: Dice WT=0.776747
[45/126] BraTS2021_00631: Dice WT=0.786701
[46/126] BraTS2021_00638: Dice WT=0.486083
[47/126] BraTS2021_00646: Dice WT=0.730930
[48/126] BraTS2021_00658: Dice WT=0.708104
[49/126] BraTS2021_00663: Dice WT=0.886731
[50/126] BraTS2021_00679: Dice WT=0.656251
[51/126] BraTS2021_00715: Dice WT=0.082047
[52/126] BraTS2021_00724: Dice WT=0.838528
[53/126] BraTS2021_00734: Dice WT=0.765056
[54/126] BraTS2021_00774: Dice WT=0.675110
[55/126] BraTS2021_00778: Dice WT=0.735211
[56/126] BraTS2021_00780: Dice WT=0.931829
[57/126] BraTS2021_00787: Dice WT=0.903317
[58/126] BraTS2021_00789: Dice WT=0.915108
[59/126] BraTS2021_00795: Dice WT=0.784272
[60/126] BraTS2021_00807: Dice WT=0.637642
[61/126] BraTS2021_00816: Dice WT=0.933301
[62/126] BraTS2021_01008: Dice WT=0.814868
[63/126] BraTS2021_01016: Dice WT=0.583034
[64/126] BraTS2021_01060: Dice WT=0.891655
[65/126] BraTS2021_01062: Dice WT=0.894857
[66/126] BraTS2021_01080: Dice WT=0.781338
[67/126] BraTS2021_01105: Dice WT=0.790194
[68/126] BraTS2021_01112: Dice WT=0.941332
[69/126] BraTS2021_01120: Dice WT=0.853581
[70/126] BraTS2021_01143: Dice WT=0.847945
[71/126] BraTS2021_01151: Dice WT=0.022815
[72/126] BraTS2021_01156: Dice WT=0.717068
[73/126] BraTS2021_01157: Dice WT=0.804096
[74/126] BraTS2021_01163: Dice WT=0.158429
[75/126] BraTS2021_01174: Dice WT=0.046107
[76/126] BraTS2021_01191: Dice WT=0.850664
[77/126] BraTS2021_01193: Dice WT=0.083213
[78/126] BraTS2021_01194: Dice WT=0.378400
[79/126] BraTS2021_01197: Dice WT=0.268939
[80/126] BraTS2021_01204: Dice WT=0.474094
[81/126] BraTS2021_01226: Dice WT=0.675486
[82/126] BraTS2021_01233: Dice WT=0.642559
[83/126] BraTS2021_01237: Dice WT=0.246408
[84/126] BraTS2021_01275: Dice WT=0.105731
[85/126] BraTS2021_01280: Dice WT=0.876669
[86/126] BraTS2021_01281: Dice WT=0.837751
[87/126] BraTS2021_01293: Dice WT=0.034586
[88/126] BraTS2021_01335: Dice WT=0.781823
[89/126] BraTS2021_01344: Dice WT=0.000000
[90/126] BraTS2021_01355: Dice WT=0.000000
[91/126] BraTS2021_01356: Dice WT=0.699896
[92/126] BraTS2021_01362: Dice WT=0.879896
[93/126] BraTS2021_01374: Dice WT=0.901482
[94/126] BraTS2021_01426: Dice WT=0.826513
[95/126] BraTS2021_01438: Dice WT=0.713784
[96/126] BraTS2021_01450: Dice WT=0.471641
[97/126] BraTS2021_01459: Dice WT=0.669438
[98/126] BraTS2021_01499: Dice WT=0.720181
[99/126] BraTS2021_01509: Dice WT=0.830664
[100/126] BraTS2021_01514: Dice WT=0.053343
[101/126] BraTS2021_01515: Dice WT=0.502527
[102/126] BraTS2021_01519: Dice WT=0.593110
[103/126] BraTS2021_01532: Dice WT=0.254857
[104/126] BraTS2021_01546: Dice WT=0.815079
[105/126] BraTS2021_01556: Dice WT=0.188029
[106/126] BraTS2021_01565: Dice WT=0.923560
[107/126] BraTS2021_01577: Dice WT=0.794492
[108/126] BraTS2021_01588: Dice WT=0.471147
[109/126] BraTS2021_01598: Dice WT=0.849248
[110/126] BraTS2021_01615: Dice WT=0.000000
[111/126] BraTS2021_01622: Dice WT=0.000000
[112/126] BraTS2021_01625: Dice WT=0.850301
[113/126] BraTS2021_01629: Dice WT=0.718387
[114/126] BraTS2021_01635: Dice WT=0.770537
[115/126] BraTS2021_01636: Dice WT=0.768756
[116/126] BraTS2021_01640: Dice WT=0.197338
[117/126] BraTS2021_01647: Dice WT=0.000083
[118/126] BraTS2021_01648: Dice WT=0.891192
[119/126] BraTS2021_01651: Dice WT=0.256361
[120/126] BraTS2021_01655: Dice WT=0.779929
[121/126] BraTS2021_01656: Dice WT=0.799266
[122/126] BraTS2021_01659: Dice WT=0.767624
[123/126] BraTS2021_01660: Dice WT=0.596185
[124/126] BraTS2021_01661: Dice WT=0.857813
[125/126] BraTS2021_01663: Dice WT=0.679190
[126/126] BraTS2021_01666: Dice WT=0.057928
Saved D:\Zaryab\3D Segmention-Brain Tumor\SuperLightNet - Modified\results\leakage_safe\test_t1_t2_patient_split.csv and D:\Zaryab\3D Segmention-Brain Tumor\SuperLightNet - Modified\results\leakage_safe\test_t1_t2_patient_split.json
[1/126] BraTS2021_00019: Dice WT=0.839146
[2/126] BraTS2021_00032: Dice WT=0.899800
[3/126] BraTS2021_00077: Dice WT=0.859742
[4/126] BraTS2021_00084: Dice WT=0.826832
[5/126] BraTS2021_00095: Dice WT=0.951171
[6/126] BraTS2021_00099: Dice WT=0.810447
[7/126] BraTS2021_00124: Dice WT=0.838700
[8/126] BraTS2021_00131: Dice WT=0.943020
[9/126] BraTS2021_00134: Dice WT=0.870284
[10/126] BraTS2021_00156: Dice WT=0.980072
[11/126] BraTS2021_00184: Dice WT=0.957779
[12/126] BraTS2021_00191: Dice WT=0.967319
[13/126] BraTS2021_00201: Dice WT=0.894907
[14/126] BraTS2021_00207: Dice WT=0.765656
[15/126] BraTS2021_00230: Dice WT=0.909600
[16/126] BraTS2021_00233: Dice WT=0.963836
[17/126] BraTS2021_00251: Dice WT=0.951264
[18/126] BraTS2021_00263: Dice WT=0.976172
[19/126] BraTS2021_00269: Dice WT=0.872368
[20/126] BraTS2021_00271: Dice WT=0.959471
[21/126] BraTS2021_00283: Dice WT=0.768493
[22/126] BraTS2021_00292: Dice WT=0.643334
[23/126] BraTS2021_00296: Dice WT=0.872729
[24/126] BraTS2021_00314: Dice WT=0.629763
[25/126] BraTS2021_00320: Dice WT=0.807414
[26/126] BraTS2021_00328: Dice WT=0.935996
[27/126] BraTS2021_00359: Dice WT=0.953206
[28/126] BraTS2021_00401: Dice WT=0.930276
[29/126] BraTS2021_00403: Dice WT=0.906232
[30/126] BraTS2021_00412: Dice WT=0.957974
[31/126] BraTS2021_00444: Dice WT=0.836397
[32/126] BraTS2021_00451: Dice WT=0.969047
[33/126] BraTS2021_00464: Dice WT=0.751248
[34/126] BraTS2021_00466: Dice WT=0.902001
[35/126] BraTS2021_00478: Dice WT=0.738855
[36/126] BraTS2021_00479: Dice WT=0.807213
[37/126] BraTS2021_00504: Dice WT=0.961715
[38/126] BraTS2021_00561: Dice WT=0.910444
[39/126] BraTS2021_00579: Dice WT=0.916701
[40/126] BraTS2021_00606: Dice WT=0.607995
[41/126] BraTS2021_00610: Dice WT=0.763721
[42/126] BraTS2021_00613: Dice WT=0.682682
[43/126] BraTS2021_00620: Dice WT=0.955537
[44/126] BraTS2021_00628: Dice WT=0.876559
[45/126] BraTS2021_00631: Dice WT=0.774479
[46/126] BraTS2021_00638: Dice WT=0.759339
[47/126] BraTS2021_00646: Dice WT=0.664281
[48/126] BraTS2021_00658: Dice WT=0.539115
[49/126] BraTS2021_00663: Dice WT=0.971157
[50/126] BraTS2021_00679: Dice WT=0.910920
[51/126] BraTS2021_00715: Dice WT=0.654415
[52/126] BraTS2021_00724: Dice WT=0.947302
[53/126] BraTS2021_00734: Dice WT=0.808064
[54/126] BraTS2021_00774: Dice WT=0.957521
[55/126] BraTS2021_00778: Dice WT=0.675149
[56/126] BraTS2021_00780: Dice WT=0.974208
[57/126] BraTS2021_00787: Dice WT=0.943398
[58/126] BraTS2021_00789: Dice WT=0.970583
[59/126] BraTS2021_00795: Dice WT=0.783691
[60/126] BraTS2021_00807: Dice WT=0.689600
[61/126] BraTS2021_00816: Dice WT=0.976636
[62/126] BraTS2021_01008: Dice WT=0.908167
[63/126] BraTS2021_01016: Dice WT=0.917851
[64/126] BraTS2021_01060: Dice WT=0.934021
[65/126] BraTS2021_01062: Dice WT=0.931112
[66/126] BraTS2021_01080: Dice WT=0.852634
[67/126] BraTS2021_01105: Dice WT=0.946537
[68/126] BraTS2021_01112: Dice WT=0.971894
[69/126] BraTS2021_01120: Dice WT=0.915240
[70/126] BraTS2021_01143: Dice WT=0.880752
[71/126] BraTS2021_01151: Dice WT=0.859535
[72/126] BraTS2021_01156: Dice WT=0.754078
[73/126] BraTS2021_01157: Dice WT=0.841720
[74/126] BraTS2021_01163: Dice WT=0.849237
[75/126] BraTS2021_01174: Dice WT=0.496566
[76/126] BraTS2021_01191: Dice WT=0.934997
[77/126] BraTS2021_01193: Dice WT=0.573412
[78/126] BraTS2021_01194: Dice WT=0.925949
[79/126] BraTS2021_01197: Dice WT=0.915814
[80/126] BraTS2021_01204: Dice WT=0.728634
[81/126] BraTS2021_01226: Dice WT=0.888988
[82/126] BraTS2021_01233: Dice WT=0.887293
[83/126] BraTS2021_01237: Dice WT=0.842034
[84/126] BraTS2021_01275: Dice WT=0.917830
[85/126] BraTS2021_01280: Dice WT=0.962230
[86/126] BraTS2021_01281: Dice WT=0.958797
[87/126] BraTS2021_01293: Dice WT=0.260009
[88/126] BraTS2021_01335: Dice WT=0.953013
[89/126] BraTS2021_01344: Dice WT=0.900050
[90/126] BraTS2021_01355: Dice WT=0.960245
[91/126] BraTS2021_01356: Dice WT=0.546031
[92/126] BraTS2021_01362: Dice WT=0.942987
[93/126] BraTS2021_01374: Dice WT=0.962907
[94/126] BraTS2021_01426: Dice WT=0.423917
[95/126] BraTS2021_01438: Dice WT=0.675413
[96/126] BraTS2021_01450: Dice WT=0.705014
[97/126] BraTS2021_01459: Dice WT=0.674395
[98/126] BraTS2021_01499: Dice WT=0.710175
[99/126] BraTS2021_01509: Dice WT=0.777175
[100/126] BraTS2021_01514: Dice WT=0.748917
[101/126] BraTS2021_01515: Dice WT=0.843785
[102/126] BraTS2021_01519: Dice WT=0.460800
[103/126] BraTS2021_01532: Dice WT=0.805116
[104/126] BraTS2021_01546: Dice WT=0.854912
[105/126] BraTS2021_01556: Dice WT=0.889433
[106/126] BraTS2021_01565: Dice WT=0.927434
[107/126] BraTS2021_01577: Dice WT=0.757948
[108/126] BraTS2021_01588: Dice WT=0.747550
[109/126] BraTS2021_01598: Dice WT=0.772985
[110/126] BraTS2021_01615: Dice WT=0.763339
[111/126] BraTS2021_01622: Dice WT=0.832506
[112/126] BraTS2021_01625: Dice WT=0.967210
[113/126] BraTS2021_01629: Dice WT=0.832352
[114/126] BraTS2021_01635: Dice WT=0.936340
[115/126] BraTS2021_01636: Dice WT=0.663005
[116/126] BraTS2021_01640: Dice WT=0.751346
[117/126] BraTS2021_01647: Dice WT=0.724790
[118/126] BraTS2021_01648: Dice WT=0.922210
[119/126] BraTS2021_01651: Dice WT=0.905205
[120/126] BraTS2021_01655: Dice WT=0.850809
[121/126] BraTS2021_01656: Dice WT=0.754573
[122/126] BraTS2021_01659: Dice WT=0.871208
[123/126] BraTS2021_01660: Dice WT=0.698962
[124/126] BraTS2021_01661: Dice WT=0.831526
[125/126] BraTS2021_01663: Dice WT=0.939532
[126/126] BraTS2021_01666: Dice WT=0.866988
Saved D:\Zaryab\3D Segmention-Brain Tumor\SuperLightNet - Modified\results\leakage_safe\test_t1_flair_patient_split.csv and D:\Zaryab\3D Segmention-Brain Tumor\SuperLightNet - Modified\results\leakage_safe\test_t1_flair_patient_split.json
[1/126] BraTS2021_00019: Dice WT=0.727263
[2/126] BraTS2021_00032: Dice WT=0.820183
[3/126] BraTS2021_00077: Dice WT=0.835202
[4/126] BraTS2021_00084: Dice WT=0.822298
[5/126] BraTS2021_00095: Dice WT=0.922605
[6/126] BraTS2021_00099: Dice WT=0.683985
[7/126] BraTS2021_00124: Dice WT=0.752515
[8/126] BraTS2021_00131: Dice WT=0.683808
[9/126] BraTS2021_00134: Dice WT=0.186955
[10/126] BraTS2021_00156: Dice WT=0.952350
[11/126] BraTS2021_00184: Dice WT=0.859718
[12/126] BraTS2021_00191: Dice WT=0.915926
[13/126] BraTS2021_00201: Dice WT=0.931532
[14/126] BraTS2021_00207: Dice WT=0.734422
[15/126] BraTS2021_00230: Dice WT=0.777249
[16/126] BraTS2021_00233: Dice WT=0.922483
[17/126] BraTS2021_00251: Dice WT=0.359760
[18/126] BraTS2021_00263: Dice WT=0.922869
[19/126] BraTS2021_00269: Dice WT=0.859377
[20/126] BraTS2021_00271: Dice WT=0.741838
[21/126] BraTS2021_00283: Dice WT=0.607573
[22/126] BraTS2021_00292: Dice WT=0.000000
[23/126] BraTS2021_00296: Dice WT=0.813345
[24/126] BraTS2021_00314: Dice WT=0.682473
[25/126] BraTS2021_00320: Dice WT=0.459454
[26/126] BraTS2021_00328: Dice WT=0.827567
[27/126] BraTS2021_00359: Dice WT=0.883350
[28/126] BraTS2021_00401: Dice WT=0.843959
[29/126] BraTS2021_00403: Dice WT=0.913243
[30/126] BraTS2021_00412: Dice WT=0.846685
[31/126] BraTS2021_00444: Dice WT=0.824750
[32/126] BraTS2021_00451: Dice WT=0.953735
[33/126] BraTS2021_00464: Dice WT=0.000000
[34/126] BraTS2021_00466: Dice WT=0.940389
[35/126] BraTS2021_00478: Dice WT=0.913878
[36/126] BraTS2021_00479: Dice WT=0.915076
[37/126] BraTS2021_00504: Dice WT=0.851461
[38/126] BraTS2021_00561: Dice WT=0.794169
[39/126] BraTS2021_00579: Dice WT=0.827450
[40/126] BraTS2021_00606: Dice WT=0.894489
[41/126] BraTS2021_00610: Dice WT=0.838894
[42/126] BraTS2021_00613: Dice WT=0.496331
[43/126] BraTS2021_00620: Dice WT=0.878499
[44/126] BraTS2021_00628: Dice WT=0.838201
[45/126] BraTS2021_00631: Dice WT=0.930938
[46/126] BraTS2021_00638: Dice WT=0.634668
[47/126] BraTS2021_00646: Dice WT=0.885720
[48/126] BraTS2021_00658: Dice WT=0.895717
[49/126] BraTS2021_00663: Dice WT=0.913159
[50/126] BraTS2021_00679: Dice WT=0.780845
[51/126] BraTS2021_00715: Dice WT=0.940898
[52/126] BraTS2021_00724: Dice WT=0.908266
[53/126] BraTS2021_00734: Dice WT=0.883022
[54/126] BraTS2021_00774: Dice WT=0.871922
[55/126] BraTS2021_00778: Dice WT=0.775476
[56/126] BraTS2021_00780: Dice WT=0.886739
[57/126] BraTS2021_00787: Dice WT=0.857516
[58/126] BraTS2021_00789: Dice WT=0.863601
[59/126] BraTS2021_00795: Dice WT=0.753348
[60/126] BraTS2021_00807: Dice WT=0.643785
[61/126] BraTS2021_00816: Dice WT=0.927925
[62/126] BraTS2021_01008: Dice WT=0.808907
[63/126] BraTS2021_01016: Dice WT=0.847884
[64/126] BraTS2021_01060: Dice WT=0.916003
[65/126] BraTS2021_01062: Dice WT=0.926902
[66/126] BraTS2021_01080: Dice WT=0.737474
[67/126] BraTS2021_01105: Dice WT=0.842145
[68/126] BraTS2021_01112: Dice WT=0.930662
[69/126] BraTS2021_01120: Dice WT=0.873757
[70/126] BraTS2021_01143: Dice WT=0.828938
[71/126] BraTS2021_01151: Dice WT=0.687054
[72/126] BraTS2021_01156: Dice WT=0.836828
[73/126] BraTS2021_01157: Dice WT=0.812203
[74/126] BraTS2021_01163: Dice WT=0.872861
[75/126] BraTS2021_01174: Dice WT=0.885007
[76/126] BraTS2021_01191: Dice WT=0.829702
[77/126] BraTS2021_01193: Dice WT=0.884799
[78/126] BraTS2021_01194: Dice WT=0.871554
[79/126] BraTS2021_01197: Dice WT=0.854696
[80/126] BraTS2021_01204: Dice WT=0.588649
[81/126] BraTS2021_01226: Dice WT=0.726684
[82/126] BraTS2021_01233: Dice WT=0.800071
[83/126] BraTS2021_01237: Dice WT=0.535618
[84/126] BraTS2021_01275: Dice WT=0.898234
[85/126] BraTS2021_01280: Dice WT=0.896024
[86/126] BraTS2021_01281: Dice WT=0.907481
[87/126] BraTS2021_01293: Dice WT=0.264530
[88/126] BraTS2021_01335: Dice WT=0.926481
[89/126] BraTS2021_01344: Dice WT=0.668600
[90/126] BraTS2021_01355: Dice WT=0.904717
[91/126] BraTS2021_01356: Dice WT=0.397720
[92/126] BraTS2021_01362: Dice WT=0.895996
[93/126] BraTS2021_01374: Dice WT=0.923720
[94/126] BraTS2021_01426: Dice WT=0.817973
[95/126] BraTS2021_01438: Dice WT=0.811005
[96/126] BraTS2021_01450: Dice WT=0.823752
[97/126] BraTS2021_01459: Dice WT=0.756661
[98/126] BraTS2021_01499: Dice WT=0.488559
[99/126] BraTS2021_01509: Dice WT=0.446750
[100/126] BraTS2021_01514: Dice WT=0.347081
[101/126] BraTS2021_01515: Dice WT=0.455930
[102/126] BraTS2021_01519: Dice WT=0.676610
[103/126] BraTS2021_01532: Dice WT=0.112579
[104/126] BraTS2021_01546: Dice WT=0.929050
[105/126] BraTS2021_01556: Dice WT=0.185261
[106/126] BraTS2021_01565: Dice WT=0.925342
[107/126] BraTS2021_01577: Dice WT=0.840021
[108/126] BraTS2021_01588: Dice WT=0.512312
[109/126] BraTS2021_01598: Dice WT=0.853254
[110/126] BraTS2021_01615: Dice WT=0.001681
[111/126] BraTS2021_01622: Dice WT=0.649285
[112/126] BraTS2021_01625: Dice WT=0.928332
[113/126] BraTS2021_01629: Dice WT=0.763072
[114/126] BraTS2021_01635: Dice WT=0.880932
[115/126] BraTS2021_01636: Dice WT=0.719320
[116/126] BraTS2021_01640: Dice WT=0.628968
[117/126] BraTS2021_01647: Dice WT=0.549319
[118/126] BraTS2021_01648: Dice WT=0.910090
[119/126] BraTS2021_01651: Dice WT=0.808230
[120/126] BraTS2021_01655: Dice WT=0.855335
[121/126] BraTS2021_01656: Dice WT=0.644361
[122/126] BraTS2021_01659: Dice WT=0.816111
[123/126] BraTS2021_01660: Dice WT=0.756849
[124/126] BraTS2021_01661: Dice WT=0.893501
[125/126] BraTS2021_01663: Dice WT=0.813025
[126/126] BraTS2021_01666: Dice WT=0.211809
Saved D:\Zaryab\3D Segmention-Brain Tumor\SuperLightNet - Modified\results\leakage_safe\test_t1ce_t2_patient_split.csv and D:\Zaryab\3D Segmention-Brain Tumor\SuperLightNet - Modified\results\leakage_safe\test_t1ce_t2_patient_split.json
[1/126] BraTS2021_00019: Dice WT=0.755625
[2/126] BraTS2021_00032: Dice WT=0.790721
[3/126] BraTS2021_00077: Dice WT=0.869672
[4/126] BraTS2021_00084: Dice WT=0.875419
[5/126] BraTS2021_00095: Dice WT=0.956303
[6/126] BraTS2021_00099: Dice WT=0.855416
[7/126] BraTS2021_00124: Dice WT=0.864039
[8/126] BraTS2021_00131: Dice WT=0.908097
[9/126] BraTS2021_00134: Dice WT=0.732577
[10/126] BraTS2021_00156: Dice WT=0.945089
[11/126] BraTS2021_00184: Dice WT=0.959857
[12/126] BraTS2021_00191: Dice WT=0.964736
[13/126] BraTS2021_00201: Dice WT=0.969363
[14/126] BraTS2021_00207: Dice WT=0.773477
[15/126] BraTS2021_00230: Dice WT=0.895759
[16/126] BraTS2021_00233: Dice WT=0.964692
[17/126] BraTS2021_00251: Dice WT=0.814602
[18/126] BraTS2021_00263: Dice WT=0.937530
[19/126] BraTS2021_00269: Dice WT=0.688438
[20/126] BraTS2021_00271: Dice WT=0.928992
[21/126] BraTS2021_00283: Dice WT=0.919383
[22/126] BraTS2021_00292: Dice WT=0.680162
[23/126] BraTS2021_00296: Dice WT=0.856875
[24/126] BraTS2021_00314: Dice WT=0.582721
[25/126] BraTS2021_00320: Dice WT=0.812221
[26/126] BraTS2021_00328: Dice WT=0.920655
[27/126] BraTS2021_00359: Dice WT=0.949674
[28/126] BraTS2021_00401: Dice WT=0.910867
[29/126] BraTS2021_00403: Dice WT=0.784082
[30/126] BraTS2021_00412: Dice WT=0.917694
[31/126] BraTS2021_00444: Dice WT=0.820774
[32/126] BraTS2021_00451: Dice WT=0.971764
[33/126] BraTS2021_00464: Dice WT=0.443421
[34/126] BraTS2021_00466: Dice WT=0.891563
[35/126] BraTS2021_00478: Dice WT=0.766589
[36/126] BraTS2021_00479: Dice WT=0.863750
[37/126] BraTS2021_00504: Dice WT=0.806091
[38/126] BraTS2021_00561: Dice WT=0.896998
[39/126] BraTS2021_00579: Dice WT=0.755134
[40/126] BraTS2021_00606: Dice WT=0.860499
[41/126] BraTS2021_00610: Dice WT=0.581315
[42/126] BraTS2021_00613: Dice WT=0.567673
[43/126] BraTS2021_00620: Dice WT=0.896380
[44/126] BraTS2021_00628: Dice WT=0.859995
[45/126] BraTS2021_00631: Dice WT=0.905592
[46/126] BraTS2021_00638: Dice WT=0.738589
[47/126] BraTS2021_00646: Dice WT=0.879052
[48/126] BraTS2021_00658: Dice WT=0.718092
[49/126] BraTS2021_00663: Dice WT=0.954306
[50/126] BraTS2021_00679: Dice WT=0.732628
[51/126] BraTS2021_00715: Dice WT=0.749227
[52/126] BraTS2021_00724: Dice WT=0.882343
[53/126] BraTS2021_00734: Dice WT=0.757022
[54/126] BraTS2021_00774: Dice WT=0.948896
[55/126] BraTS2021_00778: Dice WT=0.578195
[56/126] BraTS2021_00780: Dice WT=0.915292
[57/126] BraTS2021_00787: Dice WT=0.940642
[58/126] BraTS2021_00789: Dice WT=0.960026
[59/126] BraTS2021_00795: Dice WT=0.743008
[60/126] BraTS2021_00807: Dice WT=0.629600
[61/126] BraTS2021_00816: Dice WT=0.940072
[62/126] BraTS2021_01008: Dice WT=0.905626
[63/126] BraTS2021_01016: Dice WT=0.909220
[64/126] BraTS2021_01060: Dice WT=0.965636
[65/126] BraTS2021_01062: Dice WT=0.968950
[66/126] BraTS2021_01080: Dice WT=0.906542
[67/126] BraTS2021_01105: Dice WT=0.951048
[68/126] BraTS2021_01112: Dice WT=0.938673
[69/126] BraTS2021_01120: Dice WT=0.901575
[70/126] BraTS2021_01143: Dice WT=0.848871
[71/126] BraTS2021_01151: Dice WT=0.874900
[72/126] BraTS2021_01156: Dice WT=0.722896
[73/126] BraTS2021_01157: Dice WT=0.866615
[74/126] BraTS2021_01163: Dice WT=0.874546
[75/126] BraTS2021_01174: Dice WT=0.750199
[76/126] BraTS2021_01191: Dice WT=0.939520
[77/126] BraTS2021_01193: Dice WT=0.548483
[78/126] BraTS2021_01194: Dice WT=0.751024
[79/126] BraTS2021_01197: Dice WT=0.935322
[80/126] BraTS2021_01204: Dice WT=0.622492
[81/126] BraTS2021_01226: Dice WT=0.886313
[82/126] BraTS2021_01233: Dice WT=0.897504
[83/126] BraTS2021_01237: Dice WT=0.805611
[84/126] BraTS2021_01275: Dice WT=0.920859
[85/126] BraTS2021_01280: Dice WT=0.964324
[86/126] BraTS2021_01281: Dice WT=0.954250
[87/126] BraTS2021_01293: Dice WT=0.336456
[88/126] BraTS2021_01335: Dice WT=0.972683
[89/126] BraTS2021_01344: Dice WT=0.817574
[90/126] BraTS2021_01355: Dice WT=0.962357
[91/126] BraTS2021_01356: Dice WT=0.609451
[92/126] BraTS2021_01362: Dice WT=0.958762
[93/126] BraTS2021_01374: Dice WT=0.975576
[94/126] BraTS2021_01426: Dice WT=0.400264
[95/126] BraTS2021_01438: Dice WT=0.529649
[96/126] BraTS2021_01450: Dice WT=0.784066
[97/126] BraTS2021_01459: Dice WT=0.486353
[98/126] BraTS2021_01499: Dice WT=0.660905
[99/126] BraTS2021_01509: Dice WT=0.552098
[100/126] BraTS2021_01514: Dice WT=0.794335
[101/126] BraTS2021_01515: Dice WT=0.864462
[102/126] BraTS2021_01519: Dice WT=0.261844
[103/126] BraTS2021_01532: Dice WT=0.756941
[104/126] BraTS2021_01546: Dice WT=0.917320
[105/126] BraTS2021_01556: Dice WT=0.811501
[106/126] BraTS2021_01565: Dice WT=0.769863
[107/126] BraTS2021_01577: Dice WT=0.572056
[108/126] BraTS2021_01588: Dice WT=0.668932
[109/126] BraTS2021_01598: Dice WT=0.804165
[110/126] BraTS2021_01615: Dice WT=0.230825
[111/126] BraTS2021_01622: Dice WT=0.633665
[112/126] BraTS2021_01625: Dice WT=0.958773
[113/126] BraTS2021_01629: Dice WT=0.709958
[114/126] BraTS2021_01635: Dice WT=0.875868
[115/126] BraTS2021_01636: Dice WT=0.465313
[116/126] BraTS2021_01640: Dice WT=0.202183
[117/126] BraTS2021_01647: Dice WT=0.538920
[118/126] BraTS2021_01648: Dice WT=0.931244
[119/126] BraTS2021_01651: Dice WT=0.668427
[120/126] BraTS2021_01655: Dice WT=0.922372
[121/126] BraTS2021_01656: Dice WT=0.752297
[122/126] BraTS2021_01659: Dice WT=0.836280
[123/126] BraTS2021_01660: Dice WT=0.859017
[124/126] BraTS2021_01661: Dice WT=0.943138
[125/126] BraTS2021_01663: Dice WT=0.859708
[126/126] BraTS2021_01666: Dice WT=0.825419
Saved D:\Zaryab\3D Segmention-Brain Tumor\SuperLightNet - Modified\results\leakage_safe\test_t1ce_flair_patient_split.csv and D:\Zaryab\3D Segmention-Brain Tumor\SuperLightNet - Modified\results\leakage_safe\test_t1ce_flair_patient_split.json
[1/126] BraTS2021_00019: Dice WT=0.704975
[2/126] BraTS2021_00032: Dice WT=0.947684
[3/126] BraTS2021_00077: Dice WT=0.858593
[4/126] BraTS2021_00084: Dice WT=0.896850
[5/126] BraTS2021_00095: Dice WT=0.959424
[6/126] BraTS2021_00099: Dice WT=0.875686
[7/126] BraTS2021_00124: Dice WT=0.868203
[8/126] BraTS2021_00131: Dice WT=0.942922
[9/126] BraTS2021_00134: Dice WT=0.773843
[10/126] BraTS2021_00156: Dice WT=0.974530
[11/126] BraTS2021_00184: Dice WT=0.955514
[12/126] BraTS2021_00191: Dice WT=0.949920
[13/126] BraTS2021_00201: Dice WT=0.908992
[14/126] BraTS2021_00207: Dice WT=0.780429
[15/126] BraTS2021_00230: Dice WT=0.899273
[16/126] BraTS2021_00233: Dice WT=0.964449
[17/126] BraTS2021_00251: Dice WT=0.956587
[18/126] BraTS2021_00263: Dice WT=0.978151
[19/126] BraTS2021_00269: Dice WT=0.871157
[20/126] BraTS2021_00271: Dice WT=0.930654
[21/126] BraTS2021_00283: Dice WT=0.791639
[22/126] BraTS2021_00292: Dice WT=0.590920
[23/126] BraTS2021_00296: Dice WT=0.870779
[24/126] BraTS2021_00314: Dice WT=0.690616
[25/126] BraTS2021_00320: Dice WT=0.811179
[26/126] BraTS2021_00328: Dice WT=0.933310
[27/126] BraTS2021_00359: Dice WT=0.945899
[28/126] BraTS2021_00401: Dice WT=0.927885
[29/126] BraTS2021_00403: Dice WT=0.929258
[30/126] BraTS2021_00412: Dice WT=0.934738
[31/126] BraTS2021_00444: Dice WT=0.849488
[32/126] BraTS2021_00451: Dice WT=0.980715
[33/126] BraTS2021_00464: Dice WT=0.575924
[34/126] BraTS2021_00466: Dice WT=0.948111
[35/126] BraTS2021_00478: Dice WT=0.868326
[36/126] BraTS2021_00479: Dice WT=0.792507
[37/126] BraTS2021_00504: Dice WT=0.896406
[38/126] BraTS2021_00561: Dice WT=0.933873
[39/126] BraTS2021_00579: Dice WT=0.866217
[40/126] BraTS2021_00606: Dice WT=0.777137
[41/126] BraTS2021_00610: Dice WT=0.810995
[42/126] BraTS2021_00613: Dice WT=0.608947
[43/126] BraTS2021_00620: Dice WT=0.938868
[44/126] BraTS2021_00628: Dice WT=0.916843
[45/126] BraTS2021_00631: Dice WT=0.940832
[46/126] BraTS2021_00638: Dice WT=0.763296
[47/126] BraTS2021_00646: Dice WT=0.766267
[48/126] BraTS2021_00658: Dice WT=0.729957
[49/126] BraTS2021_00663: Dice WT=0.978236
[50/126] BraTS2021_00679: Dice WT=0.908709
[51/126] BraTS2021_00715: Dice WT=0.719388
[52/126] BraTS2021_00724: Dice WT=0.925633
[53/126] BraTS2021_00734: Dice WT=0.866394
[54/126] BraTS2021_00774: Dice WT=0.955560
[55/126] BraTS2021_00778: Dice WT=0.804463
[56/126] BraTS2021_00780: Dice WT=0.963823
[57/126] BraTS2021_00787: Dice WT=0.956438
[58/126] BraTS2021_00789: Dice WT=0.962749
[59/126] BraTS2021_00795: Dice WT=0.902671
[60/126] BraTS2021_00807: Dice WT=0.849049
[61/126] BraTS2021_00816: Dice WT=0.963256
[62/126] BraTS2021_01008: Dice WT=0.917125
[63/126] BraTS2021_01016: Dice WT=0.928046
[64/126] BraTS2021_01060: Dice WT=0.956265
[65/126] BraTS2021_01062: Dice WT=0.940959
[66/126] BraTS2021_01080: Dice WT=0.867902
[67/126] BraTS2021_01105: Dice WT=0.950039
[68/126] BraTS2021_01112: Dice WT=0.980980
[69/126] BraTS2021_01120: Dice WT=0.918479
[70/126] BraTS2021_01143: Dice WT=0.908184
[71/126] BraTS2021_01151: Dice WT=0.892209
[72/126] BraTS2021_01156: Dice WT=0.761802
[73/126] BraTS2021_01157: Dice WT=0.869757
[74/126] BraTS2021_01163: Dice WT=0.842635
[75/126] BraTS2021_01174: Dice WT=0.544604
[76/126] BraTS2021_01191: Dice WT=0.980495
[77/126] BraTS2021_01193: Dice WT=0.672583
[78/126] BraTS2021_01194: Dice WT=0.923943
[79/126] BraTS2021_01197: Dice WT=0.890854
[80/126] BraTS2021_01204: Dice WT=0.732175
[81/126] BraTS2021_01226: Dice WT=0.871208
[82/126] BraTS2021_01233: Dice WT=0.898362
[83/126] BraTS2021_01237: Dice WT=0.754352
[84/126] BraTS2021_01275: Dice WT=0.920059
[85/126] BraTS2021_01280: Dice WT=0.950490
[86/126] BraTS2021_01281: Dice WT=0.956394
[87/126] BraTS2021_01293: Dice WT=0.334743
[88/126] BraTS2021_01335: Dice WT=0.960589
[89/126] BraTS2021_01344: Dice WT=0.920006
[90/126] BraTS2021_01355: Dice WT=0.968916
[91/126] BraTS2021_01356: Dice WT=0.557990
[92/126] BraTS2021_01362: Dice WT=0.957374
[93/126] BraTS2021_01374: Dice WT=0.967614
[94/126] BraTS2021_01426: Dice WT=0.566132
[95/126] BraTS2021_01438: Dice WT=0.644473
[96/126] BraTS2021_01450: Dice WT=0.877461
[97/126] BraTS2021_01459: Dice WT=0.638572
[98/126] BraTS2021_01499: Dice WT=0.858342
[99/126] BraTS2021_01509: Dice WT=0.817287
[100/126] BraTS2021_01514: Dice WT=0.836906
[101/126] BraTS2021_01515: Dice WT=0.817248
[102/126] BraTS2021_01519: Dice WT=0.451213
[103/126] BraTS2021_01532: Dice WT=0.472334
[104/126] BraTS2021_01546: Dice WT=0.896587
[105/126] BraTS2021_01556: Dice WT=0.391283
[106/126] BraTS2021_01565: Dice WT=0.951578
[107/126] BraTS2021_01577: Dice WT=0.902455
[108/126] BraTS2021_01588: Dice WT=0.776969
[109/126] BraTS2021_01598: Dice WT=0.917798
[110/126] BraTS2021_01615: Dice WT=0.785933
[111/126] BraTS2021_01622: Dice WT=0.883738
[112/126] BraTS2021_01625: Dice WT=0.975514
[113/126] BraTS2021_01629: Dice WT=0.902647
[114/126] BraTS2021_01635: Dice WT=0.961203
[115/126] BraTS2021_01636: Dice WT=0.677660
[116/126] BraTS2021_01640: Dice WT=0.723581
[117/126] BraTS2021_01647: Dice WT=0.716893
[118/126] BraTS2021_01648: Dice WT=0.946100
[119/126] BraTS2021_01651: Dice WT=0.911510
[120/126] BraTS2021_01655: Dice WT=0.925983
[121/126] BraTS2021_01656: Dice WT=0.914770
[122/126] BraTS2021_01659: Dice WT=0.907386
[123/126] BraTS2021_01660: Dice WT=0.715074
[124/126] BraTS2021_01661: Dice WT=0.929531
[125/126] BraTS2021_01663: Dice WT=0.873719
[126/126] BraTS2021_01666: Dice WT=0.836663
Saved D:\Zaryab\3D Segmention-Brain Tumor\SuperLightNet - Modified\results\leakage_safe\test_t2_flair_patient_split.csv and D:\Zaryab\3D Segmention-Brain Tumor\SuperLightNet - Modified\results\leakage_safe\test_t2_flair_patient_split.json
[1/126] BraTS2021_00019: Dice WT=0.773919
[2/126] BraTS2021_00032: Dice WT=0.868731
[3/126] BraTS2021_00077: Dice WT=0.882083
[4/126] BraTS2021_00084: Dice WT=0.824224
[5/126] BraTS2021_00095: Dice WT=0.936186
[6/126] BraTS2021_00099: Dice WT=0.802621
[7/126] BraTS2021_00124: Dice WT=0.637629
[8/126] BraTS2021_00131: Dice WT=0.858922
[9/126] BraTS2021_00134: Dice WT=0.177744
[10/126] BraTS2021_00156: Dice WT=0.952880
[11/126] BraTS2021_00184: Dice WT=0.926649
[12/126] BraTS2021_00191: Dice WT=0.912739
[13/126] BraTS2021_00201: Dice WT=0.945884
[14/126] BraTS2021_00207: Dice WT=0.764899
[15/126] BraTS2021_00230: Dice WT=0.849904
[16/126] BraTS2021_00233: Dice WT=0.947056
[17/126] BraTS2021_00251: Dice WT=0.177547
[18/126] BraTS2021_00263: Dice WT=0.958476
[19/126] BraTS2021_00269: Dice WT=0.907645
[20/126] BraTS2021_00271: Dice WT=0.940547
[21/126] BraTS2021_00283: Dice WT=0.675697
[22/126] BraTS2021_00292: Dice WT=0.000000
[23/126] BraTS2021_00296: Dice WT=0.871250
[24/126] BraTS2021_00314: Dice WT=0.809141
[25/126] BraTS2021_00320: Dice WT=0.656822
[26/126] BraTS2021_00328: Dice WT=0.876365
[27/126] BraTS2021_00359: Dice WT=0.926907
[28/126] BraTS2021_00401: Dice WT=0.888687
[29/126] BraTS2021_00403: Dice WT=0.936684
[30/126] BraTS2021_00412: Dice WT=0.924052
[31/126] BraTS2021_00444: Dice WT=0.735611
[32/126] BraTS2021_00451: Dice WT=0.957578
[33/126] BraTS2021_00464: Dice WT=0.000000
[34/126] BraTS2021_00466: Dice WT=0.941320
[35/126] BraTS2021_00478: Dice WT=0.914217
[36/126] BraTS2021_00479: Dice WT=0.935500
[37/126] BraTS2021_00504: Dice WT=0.924070
[38/126] BraTS2021_00561: Dice WT=0.829939
[39/126] BraTS2021_00579: Dice WT=0.882034
[40/126] BraTS2021_00606: Dice WT=0.870352
[41/126] BraTS2021_00610: Dice WT=0.883490
[42/126] BraTS2021_00613: Dice WT=0.594508
[43/126] BraTS2021_00620: Dice WT=0.947356
[44/126] BraTS2021_00628: Dice WT=0.889385
[45/126] BraTS2021_00631: Dice WT=0.941678
[46/126] BraTS2021_00638: Dice WT=0.635193
[47/126] BraTS2021_00646: Dice WT=0.896386
[48/126] BraTS2021_00658: Dice WT=0.889902
[49/126] BraTS2021_00663: Dice WT=0.947840
[50/126] BraTS2021_00679: Dice WT=0.857162
[51/126] BraTS2021_00715: Dice WT=0.930593
[52/126] BraTS2021_00724: Dice WT=0.933447
[53/126] BraTS2021_00734: Dice WT=0.896831
[54/126] BraTS2021_00774: Dice WT=0.901453
[55/126] BraTS2021_00778: Dice WT=0.846038
[56/126] BraTS2021_00780: Dice WT=0.939518
[57/126] BraTS2021_00787: Dice WT=0.920376
[58/126] BraTS2021_00789: Dice WT=0.929731
[59/126] BraTS2021_00795: Dice WT=0.890772
[60/126] BraTS2021_00807: Dice WT=0.843026
[61/126] BraTS2021_00816: Dice WT=0.919336
[62/126] BraTS2021_01008: Dice WT=0.846604
[63/126] BraTS2021_01016: Dice WT=0.908707
[64/126] BraTS2021_01060: Dice WT=0.910619
[65/126] BraTS2021_01062: Dice WT=0.926530
[66/126] BraTS2021_01080: Dice WT=0.876788
[67/126] BraTS2021_01105: Dice WT=0.883555
[68/126] BraTS2021_01112: Dice WT=0.956594
[69/126] BraTS2021_01120: Dice WT=0.920874
[70/126] BraTS2021_01143: Dice WT=0.855315
[71/126] BraTS2021_01151: Dice WT=0.702730
[72/126] BraTS2021_01156: Dice WT=0.889055
[73/126] BraTS2021_01157: Dice WT=0.859436
[74/126] BraTS2021_01163: Dice WT=0.897997
[75/126] BraTS2021_01174: Dice WT=0.851451
[76/126] BraTS2021_01191: Dice WT=0.860019
[77/126] BraTS2021_01193: Dice WT=0.896865
[78/126] BraTS2021_01194: Dice WT=0.873374
[79/126] BraTS2021_01197: Dice WT=0.882571
[80/126] BraTS2021_01204: Dice WT=0.664721
[81/126] BraTS2021_01226: Dice WT=0.746362
[82/126] BraTS2021_01233: Dice WT=0.815796
[83/126] BraTS2021_01237: Dice WT=0.615678
[84/126] BraTS2021_01275: Dice WT=0.901679
[85/126] BraTS2021_01280: Dice WT=0.919468
[86/126] BraTS2021_01281: Dice WT=0.919923
[87/126] BraTS2021_01293: Dice WT=0.189791
[88/126] BraTS2021_01335: Dice WT=0.934542
[89/126] BraTS2021_01344: Dice WT=0.772874
[90/126] BraTS2021_01355: Dice WT=0.895421
[91/126] BraTS2021_01356: Dice WT=0.814179
[92/126] BraTS2021_01362: Dice WT=0.900590
[93/126] BraTS2021_01374: Dice WT=0.946910
[94/126] BraTS2021_01426: Dice WT=0.902418
[95/126] BraTS2021_01438: Dice WT=0.787865
[96/126] BraTS2021_01450: Dice WT=0.857675
[97/126] BraTS2021_01459: Dice WT=0.854065
[98/126] BraTS2021_01499: Dice WT=0.561868
[99/126] BraTS2021_01509: Dice WT=0.719469
[100/126] BraTS2021_01514: Dice WT=0.081193
[101/126] BraTS2021_01515: Dice WT=0.461222
[102/126] BraTS2021_01519: Dice WT=0.729034
[103/126] BraTS2021_01532: Dice WT=0.260011
[104/126] BraTS2021_01546: Dice WT=0.952450
[105/126] BraTS2021_01556: Dice WT=0.240684
[106/126] BraTS2021_01565: Dice WT=0.941889
[107/126] BraTS2021_01577: Dice WT=0.908998
[108/126] BraTS2021_01588: Dice WT=0.440419
[109/126] BraTS2021_01598: Dice WT=0.891901
[110/126] BraTS2021_01615: Dice WT=0.000000
[111/126] BraTS2021_01622: Dice WT=0.706373
[112/126] BraTS2021_01625: Dice WT=0.945103
[113/126] BraTS2021_01629: Dice WT=0.829100
[114/126] BraTS2021_01635: Dice WT=0.934955
[115/126] BraTS2021_01636: Dice WT=0.754111
[116/126] BraTS2021_01640: Dice WT=0.660365
[117/126] BraTS2021_01647: Dice WT=0.637254
[118/126] BraTS2021_01648: Dice WT=0.949922
[119/126] BraTS2021_01651: Dice WT=0.828534
[120/126] BraTS2021_01655: Dice WT=0.906968
[121/126] BraTS2021_01656: Dice WT=0.789206
[122/126] BraTS2021_01659: Dice WT=0.896915
[123/126] BraTS2021_01660: Dice WT=0.849032
[124/126] BraTS2021_01661: Dice WT=0.914752
[125/126] BraTS2021_01663: Dice WT=0.917682
[126/126] BraTS2021_01666: Dice WT=0.030254
Saved D:\Zaryab\3D Segmention-Brain Tumor\SuperLightNet - Modified\results\leakage_safe\test_t1_t1ce_t2_patient_split.csv and D:\Zaryab\3D Segmention-Brain Tumor\SuperLightNet - Modified\results\leakage_safe\test_t1_t1ce_t2_patient_split.json
[1/126] BraTS2021_00019: Dice WT=0.906480
[2/126] BraTS2021_00032: Dice WT=0.940008
[3/126] BraTS2021_00077: Dice WT=0.888059
[4/126] BraTS2021_00084: Dice WT=0.891849
[5/126] BraTS2021_00095: Dice WT=0.966980
[6/126] BraTS2021_00099: Dice WT=0.867238
[7/126] BraTS2021_00124: Dice WT=0.868937
[8/126] BraTS2021_00131: Dice WT=0.952867
[9/126] BraTS2021_00134: Dice WT=0.899387
[10/126] BraTS2021_00156: Dice WT=0.980053
[11/126] BraTS2021_00184: Dice WT=0.961793
[12/126] BraTS2021_00191: Dice WT=0.972299
[13/126] BraTS2021_00201: Dice WT=0.966797
[14/126] BraTS2021_00207: Dice WT=0.789265
[15/126] BraTS2021_00230: Dice WT=0.935405
[16/126] BraTS2021_00233: Dice WT=0.968840
[17/126] BraTS2021_00251: Dice WT=0.951679
[18/126] BraTS2021_00263: Dice WT=0.981047
[19/126] BraTS2021_00269: Dice WT=0.885279
[20/126] BraTS2021_00271: Dice WT=0.956999
[21/126] BraTS2021_00283: Dice WT=0.908310
[22/126] BraTS2021_00292: Dice WT=0.661067
[23/126] BraTS2021_00296: Dice WT=0.884038
[24/126] BraTS2021_00314: Dice WT=0.605391
[25/126] BraTS2021_00320: Dice WT=0.840609
[26/126] BraTS2021_00328: Dice WT=0.933752
[27/126] BraTS2021_00359: Dice WT=0.971900
[28/126] BraTS2021_00401: Dice WT=0.931694
[29/126] BraTS2021_00403: Dice WT=0.904225
[30/126] BraTS2021_00412: Dice WT=0.957752
[31/126] BraTS2021_00444: Dice WT=0.841479
[32/126] BraTS2021_00451: Dice WT=0.978363
[33/126] BraTS2021_00464: Dice WT=0.679937
[34/126] BraTS2021_00466: Dice WT=0.956144
[35/126] BraTS2021_00478: Dice WT=0.909382
[36/126] BraTS2021_00479: Dice WT=0.939829
[37/126] BraTS2021_00504: Dice WT=0.964719
[38/126] BraTS2021_00561: Dice WT=0.938456
[39/126] BraTS2021_00579: Dice WT=0.971058
[40/126] BraTS2021_00606: Dice WT=0.855047
[41/126] BraTS2021_00610: Dice WT=0.801063
[42/126] BraTS2021_00613: Dice WT=0.784370
[43/126] BraTS2021_00620: Dice WT=0.967569
[44/126] BraTS2021_00628: Dice WT=0.915416
[45/126] BraTS2021_00631: Dice WT=0.961027
[46/126] BraTS2021_00638: Dice WT=0.774052
[47/126] BraTS2021_00646: Dice WT=0.944678
[48/126] BraTS2021_00658: Dice WT=0.855988
[49/126] BraTS2021_00663: Dice WT=0.978765
[50/126] BraTS2021_00679: Dice WT=0.951513
[51/126] BraTS2021_00715: Dice WT=0.924241
[52/126] BraTS2021_00724: Dice WT=0.956692
[53/126] BraTS2021_00734: Dice WT=0.892534
[54/126] BraTS2021_00774: Dice WT=0.968122
[55/126] BraTS2021_00778: Dice WT=0.842630
[56/126] BraTS2021_00780: Dice WT=0.977162
[57/126] BraTS2021_00787: Dice WT=0.961980
[58/126] BraTS2021_00789: Dice WT=0.973737
[59/126] BraTS2021_00795: Dice WT=0.884178
[60/126] BraTS2021_00807: Dice WT=0.764236
[61/126] BraTS2021_00816: Dice WT=0.978350
[62/126] BraTS2021_01008: Dice WT=0.901871
[63/126] BraTS2021_01016: Dice WT=0.926761
[64/126] BraTS2021_01060: Dice WT=0.969447
[65/126] BraTS2021_01062: Dice WT=0.971929
[66/126] BraTS2021_01080: Dice WT=0.903050
[67/126] BraTS2021_01105: Dice WT=0.954223
[68/126] BraTS2021_01112: Dice WT=0.972084
[69/126] BraTS2021_01120: Dice WT=0.918621
[70/126] BraTS2021_01143: Dice WT=0.912062
[71/126] BraTS2021_01151: Dice WT=0.893555
[72/126] BraTS2021_01156: Dice WT=0.876117
[73/126] BraTS2021_01157: Dice WT=0.886251
[74/126] BraTS2021_01163: Dice WT=0.891685
[75/126] BraTS2021_01174: Dice WT=0.806868
[76/126] BraTS2021_01191: Dice WT=0.974084
[77/126] BraTS2021_01193: Dice WT=0.900753
[78/126] BraTS2021_01194: Dice WT=0.953999
[79/126] BraTS2021_01197: Dice WT=0.962711
[80/126] BraTS2021_01204: Dice WT=0.738313
[81/126] BraTS2021_01226: Dice WT=0.891945
[82/126] BraTS2021_01233: Dice WT=0.903109
[83/126] BraTS2021_01237: Dice WT=0.869597
[84/126] BraTS2021_01275: Dice WT=0.930268
[85/126] BraTS2021_01280: Dice WT=0.966807
[86/126] BraTS2021_01281: Dice WT=0.968531
[87/126] BraTS2021_01293: Dice WT=0.315982
[88/126] BraTS2021_01335: Dice WT=0.977884
[89/126] BraTS2021_01344: Dice WT=0.891363
[90/126] BraTS2021_01355: Dice WT=0.971841
[91/126] BraTS2021_01356: Dice WT=0.787229
[92/126] BraTS2021_01362: Dice WT=0.960774
[93/126] BraTS2021_01374: Dice WT=0.980662
[94/126] BraTS2021_01426: Dice WT=0.718774
[95/126] BraTS2021_01438: Dice WT=0.791620
[96/126] BraTS2021_01450: Dice WT=0.862532
[97/126] BraTS2021_01459: Dice WT=0.826864
[98/126] BraTS2021_01499: Dice WT=0.685346
[99/126] BraTS2021_01509: Dice WT=0.813321
[100/126] BraTS2021_01514: Dice WT=0.722547
[101/126] BraTS2021_01515: Dice WT=0.852335
[102/126] BraTS2021_01519: Dice WT=0.639996
[103/126] BraTS2021_01532: Dice WT=0.847903
[104/126] BraTS2021_01546: Dice WT=0.930343
[105/126] BraTS2021_01556: Dice WT=0.897201
[106/126] BraTS2021_01565: Dice WT=0.953296
[107/126] BraTS2021_01577: Dice WT=0.866388
[108/126] BraTS2021_01588: Dice WT=0.733135
[109/126] BraTS2021_01598: Dice WT=0.900085
[110/126] BraTS2021_01615: Dice WT=0.711314
[111/126] BraTS2021_01622: Dice WT=0.820579
[112/126] BraTS2021_01625: Dice WT=0.974351
[113/126] BraTS2021_01629: Dice WT=0.882149
[114/126] BraTS2021_01635: Dice WT=0.950325
[115/126] BraTS2021_01636: Dice WT=0.674919
[116/126] BraTS2021_01640: Dice WT=0.874720
[117/126] BraTS2021_01647: Dice WT=0.848128
[118/126] BraTS2021_01648: Dice WT=0.935321
[119/126] BraTS2021_01651: Dice WT=0.917751
[120/126] BraTS2021_01655: Dice WT=0.917142
[121/126] BraTS2021_01656: Dice WT=0.891054
[122/126] BraTS2021_01659: Dice WT=0.922361
[123/126] BraTS2021_01660: Dice WT=0.885085
[124/126] BraTS2021_01661: Dice WT=0.955069
[125/126] BraTS2021_01663: Dice WT=0.953025
[126/126] BraTS2021_01666: Dice WT=0.845243
Saved D:\Zaryab\3D Segmention-Brain Tumor\SuperLightNet - Modified\results\leakage_safe\test_t1_t1ce_flair_patient_split.csv and D:\Zaryab\3D Segmention-Brain Tumor\SuperLightNet - Modified\results\leakage_safe\test_t1_t1ce_flair_patient_split.json
[1/126] BraTS2021_00019: Dice WT=0.848383
[2/126] BraTS2021_00032: Dice WT=0.940005
[3/126] BraTS2021_00077: Dice WT=0.881034
[4/126] BraTS2021_00084: Dice WT=0.911354
[5/126] BraTS2021_00095: Dice WT=0.966361
[6/126] BraTS2021_00099: Dice WT=0.870979
[7/126] BraTS2021_00124: Dice WT=0.857067
[8/126] BraTS2021_00131: Dice WT=0.945997
[9/126] BraTS2021_00134: Dice WT=0.899287
[10/126] BraTS2021_00156: Dice WT=0.975825
[11/126] BraTS2021_00184: Dice WT=0.961312
[12/126] BraTS2021_00191: Dice WT=0.963117
[13/126] BraTS2021_00201: Dice WT=0.907079
[14/126] BraTS2021_00207: Dice WT=0.787562
[15/126] BraTS2021_00230: Dice WT=0.916229
[16/126] BraTS2021_00233: Dice WT=0.968066
[17/126] BraTS2021_00251: Dice WT=0.961155
[18/126] BraTS2021_00263: Dice WT=0.980071
[19/126] BraTS2021_00269: Dice WT=0.942661
[20/126] BraTS2021_00271: Dice WT=0.964973
[21/126] BraTS2021_00283: Dice WT=0.769446
[22/126] BraTS2021_00292: Dice WT=0.571127
[23/126] BraTS2021_00296: Dice WT=0.900060
[24/126] BraTS2021_00314: Dice WT=0.789139
[25/126] BraTS2021_00320: Dice WT=0.828570
[26/126] BraTS2021_00328: Dice WT=0.936577
[27/126] BraTS2021_00359: Dice WT=0.963270
[28/126] BraTS2021_00401: Dice WT=0.932451
[29/126] BraTS2021_00403: Dice WT=0.926507
[30/126] BraTS2021_00412: Dice WT=0.950829
[31/126] BraTS2021_00444: Dice WT=0.833756
[32/126] BraTS2021_00451: Dice WT=0.981915
[33/126] BraTS2021_00464: Dice WT=0.512706
[34/126] BraTS2021_00466: Dice WT=0.966403
[35/126] BraTS2021_00478: Dice WT=0.769739
[36/126] BraTS2021_00479: Dice WT=0.820334
[37/126] BraTS2021_00504: Dice WT=0.963860
[38/126] BraTS2021_00561: Dice WT=0.944969
[39/126] BraTS2021_00579: Dice WT=0.931196
[40/126] BraTS2021_00606: Dice WT=0.711533
[41/126] BraTS2021_00610: Dice WT=0.847544
[42/126] BraTS2021_00613: Dice WT=0.612457
[43/126] BraTS2021_00620: Dice WT=0.966825
[44/126] BraTS2021_00628: Dice WT=0.894794
[45/126] BraTS2021_00631: Dice WT=0.929481
[46/126] BraTS2021_00638: Dice WT=0.785677
[47/126] BraTS2021_00646: Dice WT=0.792781
[48/126] BraTS2021_00658: Dice WT=0.704182
[49/126] BraTS2021_00663: Dice WT=0.978506
[50/126] BraTS2021_00679: Dice WT=0.933037
[51/126] BraTS2021_00715: Dice WT=0.702395
[52/126] BraTS2021_00724: Dice WT=0.962772
[53/126] BraTS2021_00734: Dice WT=0.876430
[54/126] BraTS2021_00774: Dice WT=0.933612
[55/126] BraTS2021_00778: Dice WT=0.830756
[56/126] BraTS2021_00780: Dice WT=0.982894
[57/126] BraTS2021_00787: Dice WT=0.964730
[58/126] BraTS2021_00789: Dice WT=0.979142
[59/126] BraTS2021_00795: Dice WT=0.912226
[60/126] BraTS2021_00807: Dice WT=0.870684
[61/126] BraTS2021_00816: Dice WT=0.978740
[62/126] BraTS2021_01008: Dice WT=0.915232
[63/126] BraTS2021_01016: Dice WT=0.944967
[64/126] BraTS2021_01060: Dice WT=0.960385
[65/126] BraTS2021_01062: Dice WT=0.944082
[66/126] BraTS2021_01080: Dice WT=0.866327
[67/126] BraTS2021_01105: Dice WT=0.950278
[68/126] BraTS2021_01112: Dice WT=0.983689
[69/126] BraTS2021_01120: Dice WT=0.941534
[70/126] BraTS2021_01143: Dice WT=0.923021
[71/126] BraTS2021_01151: Dice WT=0.812010
[72/126] BraTS2021_01156: Dice WT=0.840883
[73/126] BraTS2021_01157: Dice WT=0.876248
[74/126] BraTS2021_01163: Dice WT=0.854160
[75/126] BraTS2021_01174: Dice WT=0.536011
[76/126] BraTS2021_01191: Dice WT=0.980862
[77/126] BraTS2021_01193: Dice WT=0.677842
[78/126] BraTS2021_01194: Dice WT=0.923282
[79/126] BraTS2021_01197: Dice WT=0.883236
[80/126] BraTS2021_01204: Dice WT=0.743775
[81/126] BraTS2021_01226: Dice WT=0.882512
[82/126] BraTS2021_01233: Dice WT=0.882423
[83/126] BraTS2021_01237: Dice WT=0.806368
[84/126] BraTS2021_01275: Dice WT=0.924581
[85/126] BraTS2021_01280: Dice WT=0.960564
[86/126] BraTS2021_01281: Dice WT=0.969525
[87/126] BraTS2021_01293: Dice WT=0.311702
[88/126] BraTS2021_01335: Dice WT=0.959668
[89/126] BraTS2021_01344: Dice WT=0.927777
[90/126] BraTS2021_01355: Dice WT=0.972264
[91/126] BraTS2021_01356: Dice WT=0.629787
[92/126] BraTS2021_01362: Dice WT=0.967326
[93/126] BraTS2021_01374: Dice WT=0.970554
[94/126] BraTS2021_01426: Dice WT=0.827742
[95/126] BraTS2021_01438: Dice WT=0.834512
[96/126] BraTS2021_01450: Dice WT=0.846266
[97/126] BraTS2021_01459: Dice WT=0.908800
[98/126] BraTS2021_01499: Dice WT=0.814565
[99/126] BraTS2021_01509: Dice WT=0.888807
[100/126] BraTS2021_01514: Dice WT=0.791592
[101/126] BraTS2021_01515: Dice WT=0.858468
[102/126] BraTS2021_01519: Dice WT=0.771580
[103/126] BraTS2021_01532: Dice WT=0.636871
[104/126] BraTS2021_01546: Dice WT=0.909345
[105/126] BraTS2021_01556: Dice WT=0.439238
[106/126] BraTS2021_01565: Dice WT=0.962852
[107/126] BraTS2021_01577: Dice WT=0.951659
[108/126] BraTS2021_01588: Dice WT=0.780270
[109/126] BraTS2021_01598: Dice WT=0.926850
[110/126] BraTS2021_01615: Dice WT=0.672946
[111/126] BraTS2021_01622: Dice WT=0.880661
[112/126] BraTS2021_01625: Dice WT=0.973971
[113/126] BraTS2021_01629: Dice WT=0.900689
[114/126] BraTS2021_01635: Dice WT=0.961736
[115/126] BraTS2021_01636: Dice WT=0.758447
[116/126] BraTS2021_01640: Dice WT=0.816048
[117/126] BraTS2021_01647: Dice WT=0.648167
[118/126] BraTS2021_01648: Dice WT=0.954879
[119/126] BraTS2021_01651: Dice WT=0.906554
[120/126] BraTS2021_01655: Dice WT=0.906449
[121/126] BraTS2021_01656: Dice WT=0.917251
[122/126] BraTS2021_01659: Dice WT=0.932396
[123/126] BraTS2021_01660: Dice WT=0.712101
[124/126] BraTS2021_01661: Dice WT=0.929591
[125/126] BraTS2021_01663: Dice WT=0.941770
[126/126] BraTS2021_01666: Dice WT=0.878142
Saved D:\Zaryab\3D Segmention-Brain Tumor\SuperLightNet - Modified\results\leakage_safe\test_t1_t2_flair_patient_split.csv and D:\Zaryab\3D Segmention-Brain Tumor\SuperLightNet - Modified\results\leakage_safe\test_t1_t2_flair_patient_split.json
[1/126] BraTS2021_00019: Dice WT=0.860472
[2/126] BraTS2021_00032: Dice WT=0.957701
[3/126] BraTS2021_00077: Dice WT=0.896626
[4/126] BraTS2021_00084: Dice WT=0.927989
[5/126] BraTS2021_00095: Dice WT=0.970671
[6/126] BraTS2021_00099: Dice WT=0.883153
[7/126] BraTS2021_00124: Dice WT=0.873815
[8/126] BraTS2021_00131: Dice WT=0.951230
[9/126] BraTS2021_00134: Dice WT=0.834418
[10/126] BraTS2021_00156: Dice WT=0.976779
[11/126] BraTS2021_00184: Dice WT=0.965219
[12/126] BraTS2021_00191: Dice WT=0.967042
[13/126] BraTS2021_00201: Dice WT=0.970389
[14/126] BraTS2021_00207: Dice WT=0.796911
[15/126] BraTS2021_00230: Dice WT=0.943223
[16/126] BraTS2021_00233: Dice WT=0.973258
[17/126] BraTS2021_00251: Dice WT=0.969594
[18/126] BraTS2021_00263: Dice WT=0.983024
[19/126] BraTS2021_00269: Dice WT=0.925940
[20/126] BraTS2021_00271: Dice WT=0.952147
[21/126] BraTS2021_00283: Dice WT=0.919582
[22/126] BraTS2021_00292: Dice WT=0.634876
[23/126] BraTS2021_00296: Dice WT=0.916829
[24/126] BraTS2021_00314: Dice WT=0.717955
[25/126] BraTS2021_00320: Dice WT=0.847247
[26/126] BraTS2021_00328: Dice WT=0.933544
[27/126] BraTS2021_00359: Dice WT=0.972744
[28/126] BraTS2021_00401: Dice WT=0.934927
[29/126] BraTS2021_00403: Dice WT=0.937153
[30/126] BraTS2021_00412: Dice WT=0.952851
[31/126] BraTS2021_00444: Dice WT=0.857998
[32/126] BraTS2021_00451: Dice WT=0.982124
[33/126] BraTS2021_00464: Dice WT=0.524330
[34/126] BraTS2021_00466: Dice WT=0.964561
[35/126] BraTS2021_00478: Dice WT=0.927622
[36/126] BraTS2021_00479: Dice WT=0.938613
[37/126] BraTS2021_00504: Dice WT=0.958588
[38/126] BraTS2021_00561: Dice WT=0.959844
[39/126] BraTS2021_00579: Dice WT=0.961643
[40/126] BraTS2021_00606: Dice WT=0.907114
[41/126] BraTS2021_00610: Dice WT=0.865640
[42/126] BraTS2021_00613: Dice WT=0.773128
[43/126] BraTS2021_00620: Dice WT=0.974302
[44/126] BraTS2021_00628: Dice WT=0.931944
[45/126] BraTS2021_00631: Dice WT=0.964807
[46/126] BraTS2021_00638: Dice WT=0.817125
[47/126] BraTS2021_00646: Dice WT=0.949782
[48/126] BraTS2021_00658: Dice WT=0.903426
[49/126] BraTS2021_00663: Dice WT=0.981017
[50/126] BraTS2021_00679: Dice WT=0.944479
[51/126] BraTS2021_00715: Dice WT=0.932456
[52/126] BraTS2021_00724: Dice WT=0.964194
[53/126] BraTS2021_00734: Dice WT=0.925005
[54/126] BraTS2021_00774: Dice WT=0.966194
[55/126] BraTS2021_00778: Dice WT=0.888029
[56/126] BraTS2021_00780: Dice WT=0.977532
[57/126] BraTS2021_00787: Dice WT=0.973679
[58/126] BraTS2021_00789: Dice WT=0.980018
[59/126] BraTS2021_00795: Dice WT=0.904199
[60/126] BraTS2021_00807: Dice WT=0.879843
[61/126] BraTS2021_00816: Dice WT=0.975401
[62/126] BraTS2021_01008: Dice WT=0.913438
[63/126] BraTS2021_01016: Dice WT=0.944922
[64/126] BraTS2021_01060: Dice WT=0.974455
[65/126] BraTS2021_01062: Dice WT=0.973111
[66/126] BraTS2021_01080: Dice WT=0.914504
[67/126] BraTS2021_01105: Dice WT=0.958115
[68/126] BraTS2021_01112: Dice WT=0.983034
[69/126] BraTS2021_01120: Dice WT=0.929854
[70/126] BraTS2021_01143: Dice WT=0.926567
[71/126] BraTS2021_01151: Dice WT=0.919031
[72/126] BraTS2021_01156: Dice WT=0.897098
[73/126] BraTS2021_01157: Dice WT=0.902567
[74/126] BraTS2021_01163: Dice WT=0.890876
[75/126] BraTS2021_01174: Dice WT=0.839502
[76/126] BraTS2021_01191: Dice WT=0.974582
[77/126] BraTS2021_01193: Dice WT=0.906495
[78/126] BraTS2021_01194: Dice WT=0.958003
[79/126] BraTS2021_01197: Dice WT=0.977753
[80/126] BraTS2021_01204: Dice WT=0.744811
[81/126] BraTS2021_01226: Dice WT=0.883971
[82/126] BraTS2021_01233: Dice WT=0.903640
[83/126] BraTS2021_01237: Dice WT=0.850095
[84/126] BraTS2021_01275: Dice WT=0.933544
[85/126] BraTS2021_01280: Dice WT=0.965884
[86/126] BraTS2021_01281: Dice WT=0.971917
[87/126] BraTS2021_01293: Dice WT=0.356761
[88/126] BraTS2021_01335: Dice WT=0.978110
[89/126] BraTS2021_01344: Dice WT=0.928491
[90/126] BraTS2021_01355: Dice WT=0.976335
[91/126] BraTS2021_01356: Dice WT=0.606810
[92/126] BraTS2021_01362: Dice WT=0.968586
[93/126] BraTS2021_01374: Dice WT=0.979159
[94/126] BraTS2021_01426: Dice WT=0.869468
[95/126] BraTS2021_01438: Dice WT=0.842147
[96/126] BraTS2021_01450: Dice WT=0.897863
[97/126] BraTS2021_01459: Dice WT=0.843364
[98/126] BraTS2021_01499: Dice WT=0.766751
[99/126] BraTS2021_01509: Dice WT=0.874548
[100/126] BraTS2021_01514: Dice WT=0.812600
[101/126] BraTS2021_01515: Dice WT=0.878691
[102/126] BraTS2021_01519: Dice WT=0.816007
[103/126] BraTS2021_01532: Dice WT=0.663372
[104/126] BraTS2021_01546: Dice WT=0.962195
[105/126] BraTS2021_01556: Dice WT=0.516323
[106/126] BraTS2021_01565: Dice WT=0.970801
[107/126] BraTS2021_01577: Dice WT=0.955815
[108/126] BraTS2021_01588: Dice WT=0.748825
[109/126] BraTS2021_01598: Dice WT=0.956910
[110/126] BraTS2021_01615: Dice WT=0.731236
[111/126] BraTS2021_01622: Dice WT=0.930895
[112/126] BraTS2021_01625: Dice WT=0.979369
[113/126] BraTS2021_01629: Dice WT=0.900999
[114/126] BraTS2021_01635: Dice WT=0.966995
[115/126] BraTS2021_01636: Dice WT=0.679715
[116/126] BraTS2021_01640: Dice WT=0.871069
[117/126] BraTS2021_01647: Dice WT=0.788885
[118/126] BraTS2021_01648: Dice WT=0.964264
[119/126] BraTS2021_01651: Dice WT=0.935496
[120/126] BraTS2021_01655: Dice WT=0.934351
[121/126] BraTS2021_01656: Dice WT=0.896358
[122/126] BraTS2021_01659: Dice WT=0.961931
[123/126] BraTS2021_01660: Dice WT=0.900969
[124/126] BraTS2021_01661: Dice WT=0.967614
[125/126] BraTS2021_01663: Dice WT=0.943468
[126/126] BraTS2021_01666: Dice WT=0.858435
Saved D:\Zaryab\3D Segmention-Brain Tumor\SuperLightNet - Modified\results\leakage_safe\test_t1ce_t2_flair_patient_split.csv and D:\Zaryab\3D Segmention-Brain Tumor\SuperLightNet - Modified\results\leakage_safe\test_t1ce_t2_flair_patient_split.json
[1/126] BraTS2021_00019: Dice WT=0.848222
[2/126] BraTS2021_00032: Dice WT=0.952482
[3/126] BraTS2021_00077: Dice WT=0.898405
[4/126] BraTS2021_00084: Dice WT=0.915925
[5/126] BraTS2021_00095: Dice WT=0.971209
[6/126] BraTS2021_00099: Dice WT=0.876613
[7/126] BraTS2021_00124: Dice WT=0.876426
[8/126] BraTS2021_00131: Dice WT=0.950846
[9/126] BraTS2021_00134: Dice WT=0.886777
[10/126] BraTS2021_00156: Dice WT=0.973717
[11/126] BraTS2021_00184: Dice WT=0.964776
[12/126] BraTS2021_00191: Dice WT=0.965046
[13/126] BraTS2021_00201: Dice WT=0.966829
[14/126] BraTS2021_00207: Dice WT=0.804148
[15/126] BraTS2021_00230: Dice WT=0.939036
[16/126] BraTS2021_00233: Dice WT=0.969828
[17/126] BraTS2021_00251: Dice WT=0.963559
[18/126] BraTS2021_00263: Dice WT=0.982240
[19/126] BraTS2021_00269: Dice WT=0.936856
[20/126] BraTS2021_00271: Dice WT=0.961191
[21/126] BraTS2021_00283: Dice WT=0.905042
[22/126] BraTS2021_00292: Dice WT=0.592325
[23/126] BraTS2021_00296: Dice WT=0.914674
[24/126] BraTS2021_00314: Dice WT=0.749203
[25/126] BraTS2021_00320: Dice WT=0.847740
[26/126] BraTS2021_00328: Dice WT=0.934752
[27/126] BraTS2021_00359: Dice WT=0.969216
[28/126] BraTS2021_00401: Dice WT=0.935198
[29/126] BraTS2021_00403: Dice WT=0.925278
[30/126] BraTS2021_00412: Dice WT=0.953646
[31/126] BraTS2021_00444: Dice WT=0.854923
[32/126] BraTS2021_00451: Dice WT=0.982887
[33/126] BraTS2021_00464: Dice WT=0.339977
[34/126] BraTS2021_00466: Dice WT=0.962880
[35/126] BraTS2021_00478: Dice WT=0.925972
[36/126] BraTS2021_00479: Dice WT=0.936225
[37/126] BraTS2021_00504: Dice WT=0.960341
[38/126] BraTS2021_00561: Dice WT=0.959741
[39/126] BraTS2021_00579: Dice WT=0.971289
[40/126] BraTS2021_00606: Dice WT=0.882742
[41/126] BraTS2021_00610: Dice WT=0.879014
[42/126] BraTS2021_00613: Dice WT=0.785930
[43/126] BraTS2021_00620: Dice WT=0.968617
[44/126] BraTS2021_00628: Dice WT=0.936475
[45/126] BraTS2021_00631: Dice WT=0.964327
[46/126] BraTS2021_00638: Dice WT=0.815388
[47/126] BraTS2021_00646: Dice WT=0.948494
[48/126] BraTS2021_00658: Dice WT=0.897029
[49/126] BraTS2021_00663: Dice WT=0.984786
[50/126] BraTS2021_00679: Dice WT=0.951718
[51/126] BraTS2021_00715: Dice WT=0.933683
[52/126] BraTS2021_00724: Dice WT=0.963598
[53/126] BraTS2021_00734: Dice WT=0.926219
[54/126] BraTS2021_00774: Dice WT=0.963137
[55/126] BraTS2021_00778: Dice WT=0.880969
[56/126] BraTS2021_00780: Dice WT=0.980988
[57/126] BraTS2021_00787: Dice WT=0.974254
[58/126] BraTS2021_00789: Dice WT=0.977949
[59/126] BraTS2021_00795: Dice WT=0.903468
[60/126] BraTS2021_00807: Dice WT=0.899341
[61/126] BraTS2021_00816: Dice WT=0.973864
[62/126] BraTS2021_01008: Dice WT=0.905903
[63/126] BraTS2021_01016: Dice WT=0.945799
[64/126] BraTS2021_01060: Dice WT=0.974029
[65/126] BraTS2021_01062: Dice WT=0.971464
[66/126] BraTS2021_01080: Dice WT=0.909077
[67/126] BraTS2021_01105: Dice WT=0.956815
[68/126] BraTS2021_01112: Dice WT=0.981692
[69/126] BraTS2021_01120: Dice WT=0.936363
[70/126] BraTS2021_01143: Dice WT=0.926520
[71/126] BraTS2021_01151: Dice WT=0.864116
[72/126] BraTS2021_01156: Dice WT=0.848601
[73/126] BraTS2021_01157: Dice WT=0.902430
[74/126] BraTS2021_01163: Dice WT=0.889772
[75/126] BraTS2021_01174: Dice WT=0.807036
[76/126] BraTS2021_01191: Dice WT=0.978805
[77/126] BraTS2021_01193: Dice WT=0.913858
[78/126] BraTS2021_01194: Dice WT=0.950162
[79/126] BraTS2021_01197: Dice WT=0.975087
[80/126] BraTS2021_01204: Dice WT=0.730584
[81/126] BraTS2021_01226: Dice WT=0.882657
[82/126] BraTS2021_01233: Dice WT=0.898188
[83/126] BraTS2021_01237: Dice WT=0.849302
[84/126] BraTS2021_01275: Dice WT=0.933807
[85/126] BraTS2021_01280: Dice WT=0.963403
[86/126] BraTS2021_01281: Dice WT=0.971319
[87/126] BraTS2021_01293: Dice WT=0.361036
[88/126] BraTS2021_01335: Dice WT=0.976322
[89/126] BraTS2021_01344: Dice WT=0.926198
[90/126] BraTS2021_01355: Dice WT=0.978043
[91/126] BraTS2021_01356: Dice WT=0.872264
[92/126] BraTS2021_01362: Dice WT=0.967548
[93/126] BraTS2021_01374: Dice WT=0.978189
[94/126] BraTS2021_01426: Dice WT=0.884964
[95/126] BraTS2021_01438: Dice WT=0.831506
[96/126] BraTS2021_01450: Dice WT=0.898039
[97/126] BraTS2021_01459: Dice WT=0.913498
[98/126] BraTS2021_01499: Dice WT=0.778912
[99/126] BraTS2021_01509: Dice WT=0.867240
[100/126] BraTS2021_01514: Dice WT=0.762514
[101/126] BraTS2021_01515: Dice WT=0.872866
[102/126] BraTS2021_01519: Dice WT=0.810054
[103/126] BraTS2021_01532: Dice WT=0.718667
[104/126] BraTS2021_01546: Dice WT=0.959318
[105/126] BraTS2021_01556: Dice WT=0.496014
[106/126] BraTS2021_01565: Dice WT=0.968010
[107/126] BraTS2021_01577: Dice WT=0.960614
[108/126] BraTS2021_01588: Dice WT=0.771099
[109/126] BraTS2021_01598: Dice WT=0.959046
[110/126] BraTS2021_01615: Dice WT=0.745321
[111/126] BraTS2021_01622: Dice WT=0.933955
[112/126] BraTS2021_01625: Dice WT=0.977640
[113/126] BraTS2021_01629: Dice WT=0.898601
[114/126] BraTS2021_01635: Dice WT=0.966987
[115/126] BraTS2021_01636: Dice WT=0.690157
[116/126] BraTS2021_01640: Dice WT=0.872856
[117/126] BraTS2021_01647: Dice WT=0.786814
[118/126] BraTS2021_01648: Dice WT=0.959830
[119/126] BraTS2021_01651: Dice WT=0.913614
[120/126] BraTS2021_01655: Dice WT=0.927871
[121/126] BraTS2021_01656: Dice WT=0.900636
[122/126] BraTS2021_01659: Dice WT=0.960940
[123/126] BraTS2021_01660: Dice WT=0.902200
[124/126] BraTS2021_01661: Dice WT=0.965125
[125/126] BraTS2021_01663: Dice WT=0.946820
[126/126] BraTS2021_01666: Dice WT=0.846729
Saved D:\Zaryab\3D Segmention-Brain Tumor\SuperLightNet - Modified\results\leakage_safe\test_t1_t1ce_t2_flair_patient_split.csv and D:\Zaryab\3D Segmention-Brain Tumor\SuperLightNet - Modified\results\leakage_safe\test_t1_t1ce_t2_flair_patient_split.json
